#
# There is insufficient memory for the Java Runtime Environment to continue.
# Native memory allocation (malloc) failed to allocate 1048576 bytes for AllocateHeap
# Possible reasons:
#   The system is out of physical RAM or swap space
#   The process is running with CompressedOops enabled, and the Java Heap may be blocking the growth of the native heap
# Possible solutions:
#   Reduce memory load on the system
#   Increase physical memory or swap space
#   Check if swap backing store is full
#   Decrease Java heap size (-Xmx/-Xms)
#   Decrease number of Java threads
#   Decrease Java thread stack sizes (-Xss)
#   Set larger code cache with -XX:ReservedCodeCacheSize=
#   JVM is running with Unscaled Compressed Oops mode in which the Java heap is
#     placed in the first 4GB address space. The Java Heap base address is the
#     maximum limit for the native heap growth. Please use -XX:HeapBaseMinAddress
#     to set the Java Heap base and to place the Java Heap above 4GB virtual address.
# This output file may be truncated or incomplete.
#
#  Out of Memory Error (./open/src/hotspot/share/memory/allocation.cpp:44), pid=12608, tid=12008
#
# JRE version: Java(TM) SE Runtime Environment (14.0.2+12) (build 14.0.2+12-46)
# Java VM: Java HotSpot(TM) 64-Bit Server VM (14.0.2+12-46, mixed mode, sharing, tiered, compressed oops, g1 gc, windows-amd64)
# No core dump will be written. Minidumps are not enabled by default on client versions of Windows
#

---------------  S U M M A R Y ------------

Command Line: -Dfile.encoding=UTF8 -ea -Xmx1024m 

Host: Intel(R) Core(TM) i5-6200U CPU @ 2.30GHz, 4 cores, 7G,  Windows 10 , 64 bit Build 19041 (10.0.19041.292)
Time: Fri Aug  7 15:23:00 2020 대한민국 표준시 elapsed time: 1821 seconds (0d 0h 30m 21s)

---------------  T H R E A D  ---------------

Current thread (0x0000025cd48a6000):  VMThread "VM Thread" [stack: 0x000000693b4f0000,0x000000693b6e0000] [id=12008]

Stack: [0x000000693b4f0000,0x000000693b6e0000]
[error occurred during error reporting (printing stack bounds), id 0xc0000005, EXCEPTION_ACCESS_VIOLATION (0xc0000005) at pc=0x0000025cdd9910ad]

Native frames: (J=compiled Java code, j=interpreted, Vv=VM code, C=native code)
C  0x00007ffc0a0d8a9a
C  0x00007ffc0a22247a
C  0x00007ffc0a223c2f
C  0x00007ffc0a2241d5
C  0x00007ffc0a22418b
C  0x00007ffc0a0d7f6f
C  0x00007ffc0a0d8738
C  [ntdll.dll+0xa00ef]
C  [ntdll.dll+0x4b474]
C  [ntdll.dll+0x9ec1e]
C  0x0000025cdd9910ad

VM_Operation (0x00000069395e43a0): G1CollectFull, mode: safepoint, requested by thread 0x0000025ccf476800


---------------  P R O C E S S  ---------------

Threads class SMR info:
_java_thread_list=0x0000025cd4c6c3a0, length=12, elements={
0x0000025ccf476800, 0x0000025cd48a8800, 0x0000025cd48a9800, 0x0000025cd48ca800,
0x0000025cd48cb000, 0x0000025cd48cc000, 0x0000025cd48cc800, 0x0000025cd48cd800,
0x0000025cd48ce800, 0x0000025cd4a10000, 0x0000025cd4a26800, 0x0000025cd4b4f800
}

Java Threads: ( => current thread )
  0x0000025ccf476800 JavaThread "main" [_thread_blocked, id=13048, stack(0x0000006939400000,0x00000069395f0000)]
  0x0000025cd48a8800 JavaThread "Reference Handler" daemon [_thread_blocked, id=5688, stack(0x000000693b6e0000,0x000000693b8d0000)]
  0x0000025cd48a9800 JavaThread "Finalizer" daemon [_thread_blocked, id=8184, stack(0x000000693b8d0000,0x000000693bac0000)]
  0x0000025cd48ca800 JavaThread "Signal Dispatcher" daemon [_thread_blocked, id=11148, stack(0x000000693bac0000,0x000000693bcb0000)]
  0x0000025cd48cb000 JavaThread "Attach Listener" daemon [_thread_blocked, id=11104, stack(0x000000693bcb0000,0x000000693bea0000)]
  0x0000025cd48cc000 JavaThread "Service Thread" daemon [_thread_blocked, id=14492, stack(0x000000693bea0000,0x000000693c090000)]
  0x0000025cd48cc800 JavaThread "C2 CompilerThread0" daemon [_thread_blocked, id=6824, stack(0x000000693c090000,0x000000693c280000)]
  0x0000025cd48cd800 JavaThread "C1 CompilerThread0" daemon [_thread_blocked, id=3608, stack(0x000000693c280000,0x000000693c470000)]
  0x0000025cd48ce800 JavaThread "Sweeper thread" daemon [_thread_blocked, id=10948, stack(0x000000693c470000,0x000000693c660000)]
  0x0000025cd4a10000 JavaThread "Notification Thread" daemon [_thread_blocked, id=11276, stack(0x000000693c660000,0x000000693c850000)]
  0x0000025cd4a26800 JavaThread "Common-Cleaner" daemon [_thread_blocked, id=11864, stack(0x000000693ca40000,0x000000693cc30000)]
  0x0000025cd4b4f800 JavaThread "Python Reference Queue" daemon [_thread_blocked, id=10468, stack(0x000000693ce20000,0x000000693d010000)]

Other Threads:
=>0x0000025cd48a6000 VMThread "VM Thread" [stack: 0x000000693b4f0000,0x000000693b6e0000] [id=12008]
  0x0000025ccf407800 WatcherThread [stack: 0x000000693c850000,0x000000693ca40000] [id=13596]
  0x0000025cd46ba800 GCTaskThread "GC Thread#0" [stack: 0x0000006939fa0000,0x000000693a190000] [id=14212]
  0x0000025cd4d30000 GCTaskThread "GC Thread#1" [stack: 0x000000693d010000,0x000000693d200000] [id=15156]
  0x0000025cd4d30800 GCTaskThread "GC Thread#2" [stack: 0x000000693d200000,0x000000693d3f0000] [id=13612]
  0x0000025cf4c57000 GCTaskThread "GC Thread#3" [stack: 0x000000693d9c0000,0x000000693dbb0000] [id=8876]
  0x0000025cd46bb000 ConcurrentGCThread "G1 Main Marker" [stack: 0x000000693ad30000,0x000000693af20000] [id=2520]
  0x0000025cd46bb800 ConcurrentGCThread "G1 Conc#0" [stack: 0x000000693af20000,0x000000693b110000] [id=10416]
  0x0000025cce88e800 ConcurrentGCThread "G1 Refine#0" [stack: 0x000000693b110000,0x000000693b300000] [id=14688]
  0x0000025cce89a000 ConcurrentGCThread "G1 Refine#1" [stack: 0x000000693d5e0000,0x000000693d7d0000] [id=14508]
  0x0000025cce895800 ConcurrentGCThread "G1 Refine#2" [stack: 0x000000693d7d0000,0x000000693d9c0000] [id=12356]
  0x0000025cd4711800 ConcurrentGCThread "G1 Young RemSet Sampling" [stack: 0x000000693b300000,0x000000693b4f0000] [id=11676]

Threads with active compile tasks:

VM state:at safepoint (normal execution)

VM Mutex/Monitor currently owned by a thread:  ([mutex/lock_event])
[0x0000025cd468b4f0] Threads_lock - owner thread: 0x0000025cd48a6000
[0x0000025cd4694080] Heap_lock - owner thread: 0x0000025ccf476800

Heap address: 0x00000000c0000000, size: 1024 MB, Compressed Oops mode: 32-bit
Narrow klass base: 0x0000000800000000, Narrow klass shift: 3
Compressed class space size: 1073741824 Address: 0x0000000800b30000

Heap:
 garbage-first heap   total 263168K, used 78747K [0x00000000c0000000, 0x0000000100000000)
  region size 1024K, 1 young (1024K), 0 survivors (0K)
 Metaspace       used 11304K, capacity 12899K, committed 13184K, reserved 1060864K
  class space    used 1734K, capacity 2083K, committed 2176K, reserved 1048576K
Heap Regions: E=young(eden), S=young(survivor), O=old, HS=humongous(starts), HC=humongous(continues), CS=collection set, F=free, OA=open archive, CA=closed archive, TAMS=top-at-mark-start (previous, next)
|   0|0x00000000c0000000, 0x00000000c0100000, 0x00000000c0100000|100%| O|  |TAMS 0x00000000c0000000, 0x00000000c0000000| Untracked 
|   1|0x00000000c0100000, 0x00000000c01ffff0, 0x00000000c0200000| 99%| O|  |TAMS 0x00000000c0100000, 0x00000000c0100000| Untracked 
|   2|0x00000000c0200000, 0x00000000c0300000, 0x00000000c0300000|100%| O|  |TAMS 0x00000000c0200000, 0x00000000c0200000| Untracked 
|   3|0x00000000c0300000, 0x00000000c03ffff0, 0x00000000c0400000| 99%| O|  |TAMS 0x00000000c0300000, 0x00000000c0300000| Untracked 
|   4|0x00000000c0400000, 0x00000000c04ffff8, 0x00000000c0500000| 99%| O|  |TAMS 0x00000000c0400000, 0x00000000c0400000| Untracked 
|   5|0x00000000c0500000, 0x00000000c0600000, 0x00000000c0600000|100%| O|  |TAMS 0x00000000c0500000, 0x00000000c0500000| Untracked 
|   6|0x00000000c0600000, 0x00000000c0700000, 0x00000000c0700000|100%| O|  |TAMS 0x00000000c0600000, 0x00000000c0600000| Untracked 
|   7|0x00000000c0700000, 0x00000000c07ffff0, 0x00000000c0800000| 99%| O|  |TAMS 0x00000000c0700000, 0x00000000c0700000| Untracked 
|   8|0x00000000c0800000, 0x00000000c08ffff0, 0x00000000c0900000| 99%| O|  |TAMS 0x00000000c0800000, 0x00000000c0800000| Untracked 
|   9|0x00000000c0900000, 0x00000000c09ffff8, 0x00000000c0a00000| 99%| O|  |TAMS 0x00000000c0900000, 0x00000000c0900000| Untracked 
|  10|0x00000000c0a00000, 0x00000000c0b00000, 0x00000000c0b00000|100%| O|  |TAMS 0x00000000c0a00000, 0x00000000c0a00000| Untracked 
|  11|0x00000000c0b00000, 0x00000000c0bffff8, 0x00000000c0c00000| 99%| O|  |TAMS 0x00000000c0b00000, 0x00000000c0b00000| Untracked 
|  12|0x00000000c0c00000, 0x00000000c0d00000, 0x00000000c0d00000|100%|HS|  |TAMS 0x00000000c0c00000, 0x00000000c0c00000| Untracked 
|  13|0x00000000c0d00000, 0x00000000c0e00000, 0x00000000c0e00000|100%|HC|  |TAMS 0x00000000c0d00000, 0x00000000c0d00000| Untracked 
|  14|0x00000000c0e00000, 0x00000000c0f00000, 0x00000000c0f00000|100%|HS|  |TAMS 0x00000000c0e00000, 0x00000000c0e00000| Untracked 
|  15|0x00000000c0f00000, 0x00000000c1000000, 0x00000000c1000000|100%|HC|  |TAMS 0x00000000c0f00000, 0x00000000c0f00000| Untracked 
|  16|0x00000000c1000000, 0x00000000c10ffff8, 0x00000000c1100000| 99%| O|  |TAMS 0x00000000c1000000, 0x00000000c1000000| Untracked 
|  17|0x00000000c1100000, 0x00000000c1200000, 0x00000000c1200000|100%| O|  |TAMS 0x00000000c1100000, 0x00000000c1100000| Untracked 
|  18|0x00000000c1200000, 0x00000000c12fffb0, 0x00000000c1300000| 99%| O|  |TAMS 0x00000000c1200000, 0x00000000c1200000| Untracked 
|  19|0x00000000c1300000, 0x00000000c13f6b20, 0x00000000c1400000| 96%| O|  |TAMS 0x00000000c1300000, 0x00000000c1300000| Untracked 
|  20|0x00000000c1400000, 0x00000000c1500000, 0x00000000c1500000|100%| O|  |TAMS 0x00000000c1400000, 0x00000000c1400000| Untracked 
|  21|0x00000000c1500000, 0x00000000c1600000, 0x00000000c1600000|100%|HS|  |TAMS 0x00000000c1500000, 0x00000000c1500000| Untracked 
|  22|0x00000000c1600000, 0x00000000c1700000, 0x00000000c1700000|100%|HS|  |TAMS 0x00000000c1600000, 0x00000000c1600000| Untracked 
|  23|0x00000000c1700000, 0x00000000c1800000, 0x00000000c1800000|100%| O|  |TAMS 0x00000000c1700000, 0x00000000c1700000| Untracked 
|  24|0x00000000c1800000, 0x00000000c1900000, 0x00000000c1900000|100%| O|  |TAMS 0x00000000c1800000, 0x00000000c1800000| Untracked 
|  25|0x00000000c1900000, 0x00000000c19ffff8, 0x00000000c1a00000| 99%| O|  |TAMS 0x00000000c1900000, 0x00000000c1900000| Untracked 
|  26|0x00000000c1a00000, 0x00000000c1b00000, 0x00000000c1b00000|100%| O|  |TAMS 0x00000000c1a00000, 0x00000000c1a00000| Untracked 
|  27|0x00000000c1b00000, 0x00000000c1c00000, 0x00000000c1c00000|100%| O|  |TAMS 0x00000000c1b00000, 0x00000000c1b00000| Untracked 
|  28|0x00000000c1c00000, 0x00000000c1cffff8, 0x00000000c1d00000| 99%| O|  |TAMS 0x00000000c1c00000, 0x00000000c1c00000| Untracked 
|  29|0x00000000c1d00000, 0x00000000c1dffff8, 0x00000000c1e00000| 99%| O|  |TAMS 0x00000000c1d00000, 0x00000000c1d00000| Untracked 
|  30|0x00000000c1e00000, 0x00000000c1effff8, 0x00000000c1f00000| 99%| O|  |TAMS 0x00000000c1e00000, 0x00000000c1e00000| Untracked 
|  31|0x00000000c1f00000, 0x00000000c2000000, 0x00000000c2000000|100%|HS|  |TAMS 0x00000000c1f00000, 0x00000000c1f00000| Untracked 
|  32|0x00000000c2000000, 0x00000000c2100000, 0x00000000c2100000|100%|HS|  |TAMS 0x00000000c2000000, 0x00000000c2000000| Untracked 
|  33|0x00000000c2100000, 0x00000000c2200000, 0x00000000c2200000|100%|HC|  |TAMS 0x00000000c2100000, 0x00000000c2100000| Untracked 
|  34|0x00000000c2200000, 0x00000000c2300000, 0x00000000c2300000|100%|HS|  |TAMS 0x00000000c2200000, 0x00000000c2200000| Untracked 
|  35|0x00000000c2300000, 0x00000000c2400000, 0x00000000c2400000|100%|HC|  |TAMS 0x00000000c2300000, 0x00000000c2300000| Untracked 
|  36|0x00000000c2400000, 0x00000000c2500000, 0x00000000c2500000|100%| O|  |TAMS 0x00000000c2400000, 0x00000000c2400000| Untracked 
|  37|0x00000000c2500000, 0x00000000c25ffff0, 0x00000000c2600000| 99%| O|  |TAMS 0x00000000c2500000, 0x00000000c2500000| Untracked 
|  38|0x00000000c2600000, 0x00000000c26ffff0, 0x00000000c2700000| 99%| O|  |TAMS 0x00000000c2600000, 0x00000000c2600000| Untracked 
|  39|0x00000000c2700000, 0x00000000c2800000, 0x00000000c2800000|100%| O|  |TAMS 0x00000000c2700000, 0x00000000c2700000| Untracked 
|  40|0x00000000c2800000, 0x00000000c28ffff8, 0x00000000c2900000| 99%| O|  |TAMS 0x00000000c2800000, 0x00000000c2800000| Untracked 
|  41|0x00000000c2900000, 0x00000000c2a00000, 0x00000000c2a00000|100%|HS|  |TAMS 0x00000000c2900000, 0x00000000c2900000| Untracked 
|  42|0x00000000c2a00000, 0x00000000c2b00000, 0x00000000c2b00000|100%|HC|  |TAMS 0x00000000c2a00000, 0x00000000c2a00000| Untracked 
|  43|0x00000000c2b00000, 0x00000000c2c00000, 0x00000000c2c00000|100%|HS|  |TAMS 0x00000000c2b00000, 0x00000000c2b00000| Untracked 
|  44|0x00000000c2c00000, 0x00000000c2d00000, 0x00000000c2d00000|100%|HC|  |TAMS 0x00000000c2c00000, 0x00000000c2c00000| Untracked 
|  45|0x00000000c2d00000, 0x00000000c2e00000, 0x00000000c2e00000|100%| O|  |TAMS 0x00000000c2d00000, 0x00000000c2d00000| Untracked 
|  46|0x00000000c2e00000, 0x00000000c2effff0, 0x00000000c2f00000| 99%| O|  |TAMS 0x00000000c2e00000, 0x00000000c2e00000| Untracked 
|  47|0x00000000c2f00000, 0x00000000c2ffffe8, 0x00000000c3000000| 99%| O|  |TAMS 0x00000000c2f00000, 0x00000000c2f00000| Untracked 
|  48|0x00000000c3000000, 0x00000000c30fffe8, 0x00000000c3100000| 99%| O|  |TAMS 0x00000000c3000000, 0x00000000c3000000| Untracked 
|  49|0x00000000c3100000, 0x00000000c3200000, 0x00000000c3200000|100%| O|  |TAMS 0x00000000c3100000, 0x00000000c3100000| Untracked 
|  50|0x00000000c3200000, 0x00000000c32ffff8, 0x00000000c3300000| 99%| O|  |TAMS 0x00000000c3200000, 0x00000000c3200000| Untracked 
|  51|0x00000000c3300000, 0x00000000c3400000, 0x00000000c3400000|100%| O|  |TAMS 0x00000000c3300000, 0x00000000c3300000| Untracked 
|  52|0x00000000c3400000, 0x00000000c3500000, 0x00000000c3500000|100%| O|  |TAMS 0x00000000c3400000, 0x00000000c3400000| Untracked 
|  53|0x00000000c3500000, 0x00000000c35ffff0, 0x00000000c3600000| 99%| O|  |TAMS 0x00000000c3500000, 0x00000000c3500000| Untracked 
|  54|0x00000000c3600000, 0x00000000c3700000, 0x00000000c3700000|100%| O|  |TAMS 0x00000000c3600000, 0x00000000c3600000| Untracked 
|  55|0x00000000c3700000, 0x00000000c37ffff0, 0x00000000c3800000| 99%| O|  |TAMS 0x00000000c3700000, 0x00000000c3700000| Untracked 
|  56|0x00000000c3800000, 0x00000000c38ffff0, 0x00000000c3900000| 99%| O|  |TAMS 0x00000000c3800000, 0x00000000c3800000| Untracked 
|  57|0x00000000c3900000, 0x00000000c39ffff8, 0x00000000c3a00000| 99%| O|  |TAMS 0x00000000c3900000, 0x00000000c3900000| Untracked 
|  58|0x00000000c3a00000, 0x00000000c3affff0, 0x00000000c3b00000| 99%| O|  |TAMS 0x00000000c3a00000, 0x00000000c3a00000| Untracked 
|  59|0x00000000c3b00000, 0x00000000c3bffff0, 0x00000000c3c00000| 99%| O|  |TAMS 0x00000000c3b00000, 0x00000000c3b00000| Untracked 
|  60|0x00000000c3c00000, 0x00000000c3cffff0, 0x00000000c3d00000| 99%| O|  |TAMS 0x00000000c3c00000, 0x00000000c3c00000| Untracked 
|  61|0x00000000c3d00000, 0x00000000c3dffff8, 0x00000000c3e00000| 99%| O|  |TAMS 0x00000000c3d00000, 0x00000000c3d00000| Untracked 
|  62|0x00000000c3e00000, 0x00000000c3f00000, 0x00000000c3f00000|100%| O|  |TAMS 0x00000000c3e00000, 0x00000000c3e00000| Untracked 
|  63|0x00000000c3f00000, 0x00000000c3fffff8, 0x00000000c4000000| 99%| O|  |TAMS 0x00000000c3f00000, 0x00000000c3f00000| Untracked 
|  64|0x00000000c4000000, 0x00000000c4100000, 0x00000000c4100000|100%| O|  |TAMS 0x00000000c4000000, 0x00000000c4000000| Untracked 
|  65|0x00000000c4100000, 0x00000000c41ffff0, 0x00000000c4200000| 99%| O|  |TAMS 0x00000000c4100000, 0x00000000c4100000| Untracked 
|  66|0x00000000c4200000, 0x00000000c42ffff8, 0x00000000c4300000| 99%| O|  |TAMS 0x00000000c4200000, 0x00000000c4200000| Untracked 
|  67|0x00000000c4300000, 0x00000000c43ffff8, 0x00000000c4400000| 99%| O|  |TAMS 0x00000000c4300000, 0x00000000c4300000| Untracked 
|  68|0x00000000c4400000, 0x00000000c44ffff0, 0x00000000c4500000| 99%| O|  |TAMS 0x00000000c4400000, 0x00000000c4400000| Untracked 
|  69|0x00000000c4500000, 0x00000000c45ffff8, 0x00000000c4600000| 99%| O|  |TAMS 0x00000000c4500000, 0x00000000c4500000| Untracked 
|  70|0x00000000c4600000, 0x00000000c46ffff0, 0x00000000c4700000| 99%| O|  |TAMS 0x00000000c4600000, 0x00000000c4600000| Untracked 
|  71|0x00000000c4700000, 0x00000000c47ffff8, 0x00000000c4800000| 99%| O|  |TAMS 0x00000000c4700000, 0x00000000c4700000| Untracked 
|  72|0x00000000c4800000, 0x00000000c4900000, 0x00000000c4900000|100%| O|  |TAMS 0x00000000c4800000, 0x00000000c4800000| Untracked 
|  73|0x00000000c4900000, 0x00000000c49ffff8, 0x00000000c4a00000| 99%| O|  |TAMS 0x00000000c4900000, 0x00000000c4900000| Untracked 
|  74|0x00000000c4a00000, 0x00000000c4afffe8, 0x00000000c4b00000| 99%| O|  |TAMS 0x00000000c4a00000, 0x00000000c4a00000| Untracked 
|  75|0x00000000c4b00000, 0x00000000c4bf3c88, 0x00000000c4c00000| 95%| O|  |TAMS 0x00000000c4b00000, 0x00000000c4b00000| Untracked 
|  76|0x00000000c4c00000, 0x00000000c4ca3c18, 0x00000000c4d00000| 63%| O|  |TAMS 0x00000000c4c00000, 0x00000000c4c00000| Untracked 
|  77|0x00000000c4d00000, 0x00000000c4d58bd0, 0x00000000c4e00000| 34%| O|  |TAMS 0x00000000c4d00000, 0x00000000c4d00000| Untracked 
|  78|0x00000000c4e00000, 0x00000000c4e00000, 0x00000000c4f00000|  0%| F|  |TAMS 0x00000000c4e00000, 0x00000000c4e00000| Untracked 
|  79|0x00000000c4f00000, 0x00000000c4f00000, 0x00000000c5000000|  0%| F|  |TAMS 0x00000000c4f00000, 0x00000000c4f00000| Untracked 
|  80|0x00000000c5000000, 0x00000000c5000000, 0x00000000c5100000|  0%| F|  |TAMS 0x00000000c5000000, 0x00000000c5000000| Untracked 
|  81|0x00000000c5100000, 0x00000000c5100000, 0x00000000c5200000|  0%| F|  |TAMS 0x00000000c5100000, 0x00000000c5100000| Untracked 
|  82|0x00000000c5200000, 0x00000000c5200000, 0x00000000c5300000|  0%| F|  |TAMS 0x00000000c5200000, 0x00000000c5200000| Untracked 
|  83|0x00000000c5300000, 0x00000000c5300000, 0x00000000c5400000|  0%| F|  |TAMS 0x00000000c5300000, 0x00000000c5300000| Untracked 
|  84|0x00000000c5400000, 0x00000000c5400000, 0x00000000c5500000|  0%| F|  |TAMS 0x00000000c5400000, 0x00000000c5400000| Untracked 
|  85|0x00000000c5500000, 0x00000000c5500000, 0x00000000c5600000|  0%| F|  |TAMS 0x00000000c5500000, 0x00000000c5500000| Untracked 
|  86|0x00000000c5600000, 0x00000000c5600000, 0x00000000c5700000|  0%| F|  |TAMS 0x00000000c5600000, 0x00000000c5600000| Untracked 
|  87|0x00000000c5700000, 0x00000000c5700000, 0x00000000c5800000|  0%| F|  |TAMS 0x00000000c5700000, 0x00000000c5700000| Untracked 
|  88|0x00000000c5800000, 0x00000000c5800000, 0x00000000c5900000|  0%| F|  |TAMS 0x00000000c5800000, 0x00000000c5800000| Untracked 
|  89|0x00000000c5900000, 0x00000000c5900000, 0x00000000c5a00000|  0%| F|  |TAMS 0x00000000c5900000, 0x00000000c5900000| Untracked 
|  90|0x00000000c5a00000, 0x00000000c5a00000, 0x00000000c5b00000|  0%| F|  |TAMS 0x00000000c5a00000, 0x00000000c5a00000| Untracked 
|  91|0x00000000c5b00000, 0x00000000c5b00000, 0x00000000c5c00000|  0%| F|  |TAMS 0x00000000c5b00000, 0x00000000c5b00000| Untracked 
|  92|0x00000000c5c00000, 0x00000000c5c00000, 0x00000000c5d00000|  0%| F|  |TAMS 0x00000000c5c00000, 0x00000000c5c00000| Untracked 
|  93|0x00000000c5d00000, 0x00000000c5d00000, 0x00000000c5e00000|  0%| F|  |TAMS 0x00000000c5d00000, 0x00000000c5d00000| Untracked 
|  94|0x00000000c5e00000, 0x00000000c5e00000, 0x00000000c5f00000|  0%| F|  |TAMS 0x00000000c5e00000, 0x00000000c5e00000| Untracked 
|  95|0x00000000c5f00000, 0x00000000c5f00000, 0x00000000c6000000|  0%| F|  |TAMS 0x00000000c5f00000, 0x00000000c5f00000| Untracked 
|  96|0x00000000c6000000, 0x00000000c6000000, 0x00000000c6100000|  0%| F|  |TAMS 0x00000000c6000000, 0x00000000c6000000| Untracked 
|  97|0x00000000c6100000, 0x00000000c6100000, 0x00000000c6200000|  0%| F|  |TAMS 0x00000000c6100000, 0x00000000c6100000| Untracked 
|  98|0x00000000c6200000, 0x00000000c6200000, 0x00000000c6300000|  0%| F|  |TAMS 0x00000000c6200000, 0x00000000c6200000| Untracked 
|  99|0x00000000c6300000, 0x00000000c6300000, 0x00000000c6400000|  0%| F|  |TAMS 0x00000000c6300000, 0x00000000c6300000| Untracked 
| 100|0x00000000c6400000, 0x00000000c6400000, 0x00000000c6500000|  0%| F|  |TAMS 0x00000000c6400000, 0x00000000c6400000| Untracked 
| 101|0x00000000c6500000, 0x00000000c6500000, 0x00000000c6600000|  0%| F|  |TAMS 0x00000000c6500000, 0x00000000c6500000| Untracked 
| 102|0x00000000c6600000, 0x00000000c6600000, 0x00000000c6700000|  0%| F|  |TAMS 0x00000000c6600000, 0x00000000c6600000| Untracked 
| 103|0x00000000c6700000, 0x00000000c6700000, 0x00000000c6800000|  0%| F|  |TAMS 0x00000000c6700000, 0x00000000c6700000| Untracked 
| 104|0x00000000c6800000, 0x00000000c6800000, 0x00000000c6900000|  0%| F|  |TAMS 0x00000000c6800000, 0x00000000c6800000| Untracked 
| 105|0x00000000c6900000, 0x00000000c6900000, 0x00000000c6a00000|  0%| F|  |TAMS 0x00000000c6900000, 0x00000000c6900000| Untracked 
| 106|0x00000000c6a00000, 0x00000000c6a00000, 0x00000000c6b00000|  0%| F|  |TAMS 0x00000000c6a00000, 0x00000000c6a00000| Untracked 
| 107|0x00000000c6b00000, 0x00000000c6b00000, 0x00000000c6c00000|  0%| F|  |TAMS 0x00000000c6b00000, 0x00000000c6b00000| Untracked 
| 108|0x00000000c6c00000, 0x00000000c6c00000, 0x00000000c6d00000|  0%| F|  |TAMS 0x00000000c6c00000, 0x00000000c6c00000| Untracked 
| 109|0x00000000c6d00000, 0x00000000c6d00000, 0x00000000c6e00000|  0%| F|  |TAMS 0x00000000c6d00000, 0x00000000c6d00000| Untracked 
| 110|0x00000000c6e00000, 0x00000000c6e00000, 0x00000000c6f00000|  0%| F|  |TAMS 0x00000000c6e00000, 0x00000000c6e00000| Untracked 
| 111|0x00000000c6f00000, 0x00000000c6f00000, 0x00000000c7000000|  0%| F|  |TAMS 0x00000000c6f00000, 0x00000000c6f00000| Untracked 
| 112|0x00000000c7000000, 0x00000000c7000000, 0x00000000c7100000|  0%| F|  |TAMS 0x00000000c7000000, 0x00000000c7000000| Untracked 
| 113|0x00000000c7100000, 0x00000000c7100000, 0x00000000c7200000|  0%| F|  |TAMS 0x00000000c7100000, 0x00000000c7100000| Untracked 
| 114|0x00000000c7200000, 0x00000000c7200000, 0x00000000c7300000|  0%| F|  |TAMS 0x00000000c7200000, 0x00000000c7200000| Untracked 
| 115|0x00000000c7300000, 0x00000000c7300000, 0x00000000c7400000|  0%| F|  |TAMS 0x00000000c7300000, 0x00000000c7300000| Untracked 
| 116|0x00000000c7400000, 0x00000000c7400000, 0x00000000c7500000|  0%| F|  |TAMS 0x00000000c7400000, 0x00000000c7400000| Untracked 
| 117|0x00000000c7500000, 0x00000000c7500000, 0x00000000c7600000|  0%| F|  |TAMS 0x00000000c7500000, 0x00000000c7500000| Untracked 
| 118|0x00000000c7600000, 0x00000000c7600000, 0x00000000c7700000|  0%| F|  |TAMS 0x00000000c7600000, 0x00000000c7600000| Untracked 
| 119|0x00000000c7700000, 0x00000000c7700000, 0x00000000c7800000|  0%| F|  |TAMS 0x00000000c7700000, 0x00000000c7700000| Untracked 
| 120|0x00000000c7800000, 0x00000000c7800000, 0x00000000c7900000|  0%| F|  |TAMS 0x00000000c7800000, 0x00000000c7800000| Untracked 
| 121|0x00000000c7900000, 0x00000000c7900000, 0x00000000c7a00000|  0%| F|  |TAMS 0x00000000c7900000, 0x00000000c7900000| Untracked 
| 122|0x00000000c7a00000, 0x00000000c7a00000, 0x00000000c7b00000|  0%| F|  |TAMS 0x00000000c7a00000, 0x00000000c7a00000| Untracked 
| 123|0x00000000c7b00000, 0x00000000c7b00000, 0x00000000c7c00000|  0%| F|  |TAMS 0x00000000c7b00000, 0x00000000c7b00000| Untracked 
| 124|0x00000000c7c00000, 0x00000000c7c00000, 0x00000000c7d00000|  0%| F|  |TAMS 0x00000000c7c00000, 0x00000000c7c00000| Untracked 
| 125|0x00000000c7d00000, 0x00000000c7d00000, 0x00000000c7e00000|  0%| F|  |TAMS 0x00000000c7d00000, 0x00000000c7d00000| Untracked 
| 126|0x00000000c7e00000, 0x00000000c7e00000, 0x00000000c7f00000|  0%| F|  |TAMS 0x00000000c7e00000, 0x00000000c7e00000| Untracked 
| 127|0x00000000c7f00000, 0x00000000c7f00000, 0x00000000c8000000|  0%| F|  |TAMS 0x00000000c7f00000, 0x00000000c7f00000| Untracked 
| 128|0x00000000c8000000, 0x00000000c8000000, 0x00000000c8100000|  0%| F|  |TAMS 0x00000000c8000000, 0x00000000c8000000| Untracked 
| 129|0x00000000c8100000, 0x00000000c8100000, 0x00000000c8200000|  0%| F|  |TAMS 0x00000000c8100000, 0x00000000c8100000| Untracked 
| 130|0x00000000c8200000, 0x00000000c8200000, 0x00000000c8300000|  0%| F|  |TAMS 0x00000000c8200000, 0x00000000c8200000| Untracked 
| 131|0x00000000c8300000, 0x00000000c8300000, 0x00000000c8400000|  0%| F|  |TAMS 0x00000000c8300000, 0x00000000c8300000| Untracked 
| 132|0x00000000c8400000, 0x00000000c8400000, 0x00000000c8500000|  0%| F|  |TAMS 0x00000000c8400000, 0x00000000c8400000| Untracked 
| 133|0x00000000c8500000, 0x00000000c8500000, 0x00000000c8600000|  0%| F|  |TAMS 0x00000000c8500000, 0x00000000c8500000| Untracked 
| 134|0x00000000c8600000, 0x00000000c8600000, 0x00000000c8700000|  0%| F|  |TAMS 0x00000000c8600000, 0x00000000c8600000| Untracked 
| 135|0x00000000c8700000, 0x00000000c8700000, 0x00000000c8800000|  0%| F|  |TAMS 0x00000000c8700000, 0x00000000c8700000| Untracked 
| 136|0x00000000c8800000, 0x00000000c8800000, 0x00000000c8900000|  0%| F|  |TAMS 0x00000000c8800000, 0x00000000c8800000| Untracked 
| 137|0x00000000c8900000, 0x00000000c8900000, 0x00000000c8a00000|  0%| F|  |TAMS 0x00000000c8900000, 0x00000000c8900000| Untracked 
| 138|0x00000000c8a00000, 0x00000000c8a00000, 0x00000000c8b00000|  0%| F|  |TAMS 0x00000000c8a00000, 0x00000000c8a00000| Untracked 
| 139|0x00000000c8b00000, 0x00000000c8b00000, 0x00000000c8c00000|  0%| F|  |TAMS 0x00000000c8b00000, 0x00000000c8b00000| Untracked 
| 140|0x00000000c8c00000, 0x00000000c8c00000, 0x00000000c8d00000|  0%| F|  |TAMS 0x00000000c8c00000, 0x00000000c8c00000| Untracked 
| 141|0x00000000c8d00000, 0x00000000c8d00000, 0x00000000c8e00000|  0%| F|  |TAMS 0x00000000c8d00000, 0x00000000c8d00000| Untracked 
| 142|0x00000000c8e00000, 0x00000000c8e00000, 0x00000000c8f00000|  0%| F|  |TAMS 0x00000000c8e00000, 0x00000000c8e00000| Untracked 
| 143|0x00000000c8f00000, 0x00000000c8f00000, 0x00000000c9000000|  0%| F|  |TAMS 0x00000000c8f00000, 0x00000000c8f00000| Untracked 
| 144|0x00000000c9000000, 0x00000000c9000000, 0x00000000c9100000|  0%| F|  |TAMS 0x00000000c9000000, 0x00000000c9000000| Untracked 
| 145|0x00000000c9100000, 0x00000000c9100000, 0x00000000c9200000|  0%| F|  |TAMS 0x00000000c9100000, 0x00000000c9100000| Untracked 
| 146|0x00000000c9200000, 0x00000000c9200000, 0x00000000c9300000|  0%| F|  |TAMS 0x00000000c9200000, 0x00000000c9200000| Untracked 
| 147|0x00000000c9300000, 0x00000000c9300000, 0x00000000c9400000|  0%| F|  |TAMS 0x00000000c9300000, 0x00000000c9300000| Untracked 
| 148|0x00000000c9400000, 0x00000000c9400000, 0x00000000c9500000|  0%| F|  |TAMS 0x00000000c9400000, 0x00000000c9400000| Untracked 
| 149|0x00000000c9500000, 0x00000000c9500000, 0x00000000c9600000|  0%| F|  |TAMS 0x00000000c9500000, 0x00000000c9500000| Untracked 
| 150|0x00000000c9600000, 0x00000000c9600000, 0x00000000c9700000|  0%| F|  |TAMS 0x00000000c9600000, 0x00000000c9600000| Untracked 
| 151|0x00000000c9700000, 0x00000000c9700000, 0x00000000c9800000|  0%| F|  |TAMS 0x00000000c9700000, 0x00000000c9700000| Untracked 
| 152|0x00000000c9800000, 0x00000000c9800000, 0x00000000c9900000|  0%| F|  |TAMS 0x00000000c9800000, 0x00000000c9800000| Untracked 
| 153|0x00000000c9900000, 0x00000000c9900000, 0x00000000c9a00000|  0%| F|  |TAMS 0x00000000c9900000, 0x00000000c9900000| Untracked 
| 154|0x00000000c9a00000, 0x00000000c9a00000, 0x00000000c9b00000|  0%| F|  |TAMS 0x00000000c9a00000, 0x00000000c9a00000| Untracked 
| 155|0x00000000c9b00000, 0x00000000c9b00000, 0x00000000c9c00000|  0%| F|  |TAMS 0x00000000c9b00000, 0x00000000c9b00000| Untracked 
| 156|0x00000000c9c00000, 0x00000000c9c00000, 0x00000000c9d00000|  0%| F|  |TAMS 0x00000000c9c00000, 0x00000000c9c00000| Untracked 
| 157|0x00000000c9d00000, 0x00000000c9d00000, 0x00000000c9e00000|  0%| F|  |TAMS 0x00000000c9d00000, 0x00000000c9d00000| Untracked 
| 158|0x00000000c9e00000, 0x00000000c9e00000, 0x00000000c9f00000|  0%| F|  |TAMS 0x00000000c9e00000, 0x00000000c9e00000| Untracked 
| 159|0x00000000c9f00000, 0x00000000c9f00000, 0x00000000ca000000|  0%| F|  |TAMS 0x00000000c9f00000, 0x00000000c9f00000| Untracked 
| 160|0x00000000ca000000, 0x00000000ca000000, 0x00000000ca100000|  0%| F|  |TAMS 0x00000000ca000000, 0x00000000ca000000| Untracked 
| 161|0x00000000ca100000, 0x00000000ca100000, 0x00000000ca200000|  0%| F|  |TAMS 0x00000000ca100000, 0x00000000ca100000| Untracked 
| 162|0x00000000ca200000, 0x00000000ca200000, 0x00000000ca300000|  0%| F|  |TAMS 0x00000000ca200000, 0x00000000ca200000| Untracked 
| 163|0x00000000ca300000, 0x00000000ca300000, 0x00000000ca400000|  0%| F|  |TAMS 0x00000000ca300000, 0x00000000ca300000| Untracked 
| 164|0x00000000ca400000, 0x00000000ca400000, 0x00000000ca500000|  0%| F|  |TAMS 0x00000000ca400000, 0x00000000ca400000| Untracked 
| 165|0x00000000ca500000, 0x00000000ca500000, 0x00000000ca600000|  0%| F|  |TAMS 0x00000000ca500000, 0x00000000ca500000| Untracked 
| 166|0x00000000ca600000, 0x00000000ca600000, 0x00000000ca700000|  0%| F|  |TAMS 0x00000000ca600000, 0x00000000ca600000| Untracked 
| 167|0x00000000ca700000, 0x00000000ca700000, 0x00000000ca800000|  0%| F|  |TAMS 0x00000000ca700000, 0x00000000ca700000| Untracked 
| 168|0x00000000ca800000, 0x00000000ca800000, 0x00000000ca900000|  0%| F|  |TAMS 0x00000000ca800000, 0x00000000ca800000| Untracked 
| 169|0x00000000ca900000, 0x00000000ca900000, 0x00000000caa00000|  0%| F|  |TAMS 0x00000000ca900000, 0x00000000ca900000| Untracked 
| 170|0x00000000caa00000, 0x00000000caa00000, 0x00000000cab00000|  0%| F|  |TAMS 0x00000000caa00000, 0x00000000caa00000| Untracked 
| 171|0x00000000cab00000, 0x00000000cab00000, 0x00000000cac00000|  0%| F|  |TAMS 0x00000000cab00000, 0x00000000cab00000| Untracked 
| 172|0x00000000cac00000, 0x00000000cac00000, 0x00000000cad00000|  0%| F|  |TAMS 0x00000000cac00000, 0x00000000cac00000| Untracked 
| 173|0x00000000cad00000, 0x00000000cad00000, 0x00000000cae00000|  0%| F|  |TAMS 0x00000000cad00000, 0x00000000cad00000| Untracked 
| 174|0x00000000cae00000, 0x00000000cae00000, 0x00000000caf00000|  0%| F|  |TAMS 0x00000000cae00000, 0x00000000cae00000| Untracked 
| 175|0x00000000caf00000, 0x00000000caf00000, 0x00000000cb000000|  0%| F|  |TAMS 0x00000000caf00000, 0x00000000caf00000| Untracked 
| 176|0x00000000cb000000, 0x00000000cb000000, 0x00000000cb100000|  0%| F|  |TAMS 0x00000000cb000000, 0x00000000cb000000| Untracked 
| 177|0x00000000cb100000, 0x00000000cb100000, 0x00000000cb200000|  0%| F|  |TAMS 0x00000000cb100000, 0x00000000cb100000| Untracked 
| 178|0x00000000cb200000, 0x00000000cb200000, 0x00000000cb300000|  0%| F|  |TAMS 0x00000000cb200000, 0x00000000cb200000| Untracked 
| 179|0x00000000cb300000, 0x00000000cb300000, 0x00000000cb400000|  0%| F|  |TAMS 0x00000000cb300000, 0x00000000cb300000| Untracked 
| 180|0x00000000cb400000, 0x00000000cb400000, 0x00000000cb500000|  0%| F|  |TAMS 0x00000000cb400000, 0x00000000cb400000| Untracked 
| 181|0x00000000cb500000, 0x00000000cb500000, 0x00000000cb600000|  0%| F|  |TAMS 0x00000000cb500000, 0x00000000cb500000| Untracked 
| 182|0x00000000cb600000, 0x00000000cb600000, 0x00000000cb700000|  0%| F|  |TAMS 0x00000000cb600000, 0x00000000cb600000| Untracked 
| 183|0x00000000cb700000, 0x00000000cb700000, 0x00000000cb800000|  0%| F|  |TAMS 0x00000000cb700000, 0x00000000cb700000| Untracked 
| 184|0x00000000cb800000, 0x00000000cb800000, 0x00000000cb900000|  0%| F|  |TAMS 0x00000000cb800000, 0x00000000cb800000| Untracked 
| 185|0x00000000cb900000, 0x00000000cb900000, 0x00000000cba00000|  0%| F|  |TAMS 0x00000000cb900000, 0x00000000cb900000| Untracked 
| 186|0x00000000cba00000, 0x00000000cba00000, 0x00000000cbb00000|  0%| F|  |TAMS 0x00000000cba00000, 0x00000000cba00000| Untracked 
| 187|0x00000000cbb00000, 0x00000000cbb00000, 0x00000000cbc00000|  0%| F|  |TAMS 0x00000000cbb00000, 0x00000000cbb00000| Untracked 
| 188|0x00000000cbc00000, 0x00000000cbc00000, 0x00000000cbd00000|  0%| F|  |TAMS 0x00000000cbc00000, 0x00000000cbc00000| Untracked 
| 189|0x00000000cbd00000, 0x00000000cbd00000, 0x00000000cbe00000|  0%| F|  |TAMS 0x00000000cbd00000, 0x00000000cbd00000| Untracked 
| 190|0x00000000cbe00000, 0x00000000cbe00000, 0x00000000cbf00000|  0%| F|  |TAMS 0x00000000cbe00000, 0x00000000cbe00000| Untracked 
| 191|0x00000000cbf00000, 0x00000000cbf00000, 0x00000000cc000000|  0%| F|  |TAMS 0x00000000cbf00000, 0x00000000cbf00000| Untracked 
| 192|0x00000000cc000000, 0x00000000cc000000, 0x00000000cc100000|  0%| F|  |TAMS 0x00000000cc000000, 0x00000000cc000000| Untracked 
| 193|0x00000000cc100000, 0x00000000cc100000, 0x00000000cc200000|  0%| F|  |TAMS 0x00000000cc100000, 0x00000000cc100000| Untracked 
| 194|0x00000000cc200000, 0x00000000cc200000, 0x00000000cc300000|  0%| F|  |TAMS 0x00000000cc200000, 0x00000000cc200000| Untracked 
| 195|0x00000000cc300000, 0x00000000cc300000, 0x00000000cc400000|  0%| F|  |TAMS 0x00000000cc300000, 0x00000000cc300000| Untracked 
| 196|0x00000000cc400000, 0x00000000cc400000, 0x00000000cc500000|  0%| F|  |TAMS 0x00000000cc400000, 0x00000000cc400000| Untracked 
| 197|0x00000000cc500000, 0x00000000cc500000, 0x00000000cc600000|  0%| F|  |TAMS 0x00000000cc500000, 0x00000000cc500000| Untracked 
| 198|0x00000000cc600000, 0x00000000cc600000, 0x00000000cc700000|  0%| F|  |TAMS 0x00000000cc600000, 0x00000000cc600000| Untracked 
| 199|0x00000000cc700000, 0x00000000cc700000, 0x00000000cc800000|  0%| F|  |TAMS 0x00000000cc700000, 0x00000000cc700000| Untracked 
| 200|0x00000000cc800000, 0x00000000cc800000, 0x00000000cc900000|  0%| F|  |TAMS 0x00000000cc800000, 0x00000000cc800000| Untracked 
| 201|0x00000000cc900000, 0x00000000cc900000, 0x00000000cca00000|  0%| F|  |TAMS 0x00000000cc900000, 0x00000000cc900000| Untracked 
| 202|0x00000000cca00000, 0x00000000cca00000, 0x00000000ccb00000|  0%| F|  |TAMS 0x00000000cca00000, 0x00000000cca00000| Untracked 
| 203|0x00000000ccb00000, 0x00000000ccb00000, 0x00000000ccc00000|  0%| F|  |TAMS 0x00000000ccb00000, 0x00000000ccb00000| Untracked 
| 204|0x00000000ccc00000, 0x00000000ccc00000, 0x00000000ccd00000|  0%| F|  |TAMS 0x00000000ccc00000, 0x00000000ccc00000| Untracked 
| 205|0x00000000ccd00000, 0x00000000ccd00000, 0x00000000cce00000|  0%| F|  |TAMS 0x00000000ccd00000, 0x00000000ccd00000| Untracked 
| 206|0x00000000cce00000, 0x00000000cce00000, 0x00000000ccf00000|  0%| F|  |TAMS 0x00000000cce00000, 0x00000000cce00000| Untracked 
| 207|0x00000000ccf00000, 0x00000000ccf00000, 0x00000000cd000000|  0%| F|  |TAMS 0x00000000ccf00000, 0x00000000ccf00000| Untracked 
| 208|0x00000000cd000000, 0x00000000cd000000, 0x00000000cd100000|  0%| F|  |TAMS 0x00000000cd000000, 0x00000000cd000000| Untracked 
| 209|0x00000000cd100000, 0x00000000cd100000, 0x00000000cd200000|  0%| F|  |TAMS 0x00000000cd100000, 0x00000000cd100000| Untracked 
| 210|0x00000000cd200000, 0x00000000cd200000, 0x00000000cd300000|  0%| F|  |TAMS 0x00000000cd200000, 0x00000000cd200000| Untracked 
| 211|0x00000000cd300000, 0x00000000cd300000, 0x00000000cd400000|  0%| F|  |TAMS 0x00000000cd300000, 0x00000000cd300000| Untracked 
| 212|0x00000000cd400000, 0x00000000cd400000, 0x00000000cd500000|  0%| F|  |TAMS 0x00000000cd400000, 0x00000000cd400000| Untracked 
| 213|0x00000000cd500000, 0x00000000cd500000, 0x00000000cd600000|  0%| F|  |TAMS 0x00000000cd500000, 0x00000000cd500000| Untracked 
| 214|0x00000000cd600000, 0x00000000cd600000, 0x00000000cd700000|  0%| F|  |TAMS 0x00000000cd600000, 0x00000000cd600000| Untracked 
| 215|0x00000000cd700000, 0x00000000cd700000, 0x00000000cd800000|  0%| F|  |TAMS 0x00000000cd700000, 0x00000000cd700000| Untracked 
| 216|0x00000000cd800000, 0x00000000cd800000, 0x00000000cd900000|  0%| F|  |TAMS 0x00000000cd800000, 0x00000000cd800000| Untracked 
| 217|0x00000000cd900000, 0x00000000cd900000, 0x00000000cda00000|  0%| F|  |TAMS 0x00000000cd900000, 0x00000000cd900000| Untracked 
| 218|0x00000000cda00000, 0x00000000cda00000, 0x00000000cdb00000|  0%| F|  |TAMS 0x00000000cda00000, 0x00000000cda00000| Untracked 
| 219|0x00000000cdb00000, 0x00000000cdb00000, 0x00000000cdc00000|  0%| F|  |TAMS 0x00000000cdb00000, 0x00000000cdb00000| Untracked 
| 220|0x00000000cdc00000, 0x00000000cdc00000, 0x00000000cdd00000|  0%| F|  |TAMS 0x00000000cdc00000, 0x00000000cdc00000| Untracked 
| 221|0x00000000cdd00000, 0x00000000cdd00000, 0x00000000cde00000|  0%| F|  |TAMS 0x00000000cdd00000, 0x00000000cdd00000| Untracked 
| 222|0x00000000cde00000, 0x00000000cde00000, 0x00000000cdf00000|  0%| F|  |TAMS 0x00000000cde00000, 0x00000000cde00000| Untracked 
| 223|0x00000000cdf00000, 0x00000000cdf00000, 0x00000000ce000000|  0%| F|  |TAMS 0x00000000cdf00000, 0x00000000cdf00000| Untracked 
| 224|0x00000000ce000000, 0x00000000ce000000, 0x00000000ce100000|  0%| F|  |TAMS 0x00000000ce000000, 0x00000000ce000000| Untracked 
| 225|0x00000000ce100000, 0x00000000ce100000, 0x00000000ce200000|  0%| F|  |TAMS 0x00000000ce100000, 0x00000000ce100000| Untracked 
| 226|0x00000000ce200000, 0x00000000ce200000, 0x00000000ce300000|  0%| F|  |TAMS 0x00000000ce200000, 0x00000000ce200000| Untracked 
| 227|0x00000000ce300000, 0x00000000ce300000, 0x00000000ce400000|  0%| F|  |TAMS 0x00000000ce300000, 0x00000000ce300000| Untracked 
| 228|0x00000000ce400000, 0x00000000ce400000, 0x00000000ce500000|  0%| F|  |TAMS 0x00000000ce400000, 0x00000000ce400000| Untracked 
| 229|0x00000000ce500000, 0x00000000ce500000, 0x00000000ce600000|  0%| F|  |TAMS 0x00000000ce500000, 0x00000000ce500000| Untracked 
| 230|0x00000000ce600000, 0x00000000ce600000, 0x00000000ce700000|  0%| F|  |TAMS 0x00000000ce600000, 0x00000000ce600000| Untracked 
| 231|0x00000000ce700000, 0x00000000ce700000, 0x00000000ce800000|  0%| F|  |TAMS 0x00000000ce700000, 0x00000000ce700000| Untracked 
| 232|0x00000000ce800000, 0x00000000ce800000, 0x00000000ce900000|  0%| F|  |TAMS 0x00000000ce800000, 0x00000000ce800000| Untracked 
| 233|0x00000000ce900000, 0x00000000ce900000, 0x00000000cea00000|  0%| F|  |TAMS 0x00000000ce900000, 0x00000000ce900000| Untracked 
| 234|0x00000000cea00000, 0x00000000cea00000, 0x00000000ceb00000|  0%| F|  |TAMS 0x00000000cea00000, 0x00000000cea00000| Untracked 
| 235|0x00000000ceb00000, 0x00000000ceb00000, 0x00000000cec00000|  0%| F|  |TAMS 0x00000000ceb00000, 0x00000000ceb00000| Untracked 
| 236|0x00000000cec00000, 0x00000000cec00000, 0x00000000ced00000|  0%| F|  |TAMS 0x00000000cec00000, 0x00000000cec00000| Untracked 
| 237|0x00000000ced00000, 0x00000000ced00000, 0x00000000cee00000|  0%| F|  |TAMS 0x00000000ced00000, 0x00000000ced00000| Untracked 
| 238|0x00000000cee00000, 0x00000000cee00000, 0x00000000cef00000|  0%| F|  |TAMS 0x00000000cee00000, 0x00000000cee00000| Untracked 
| 239|0x00000000cef00000, 0x00000000cef00000, 0x00000000cf000000|  0%| F|  |TAMS 0x00000000cef00000, 0x00000000cef00000| Untracked 
| 240|0x00000000cf000000, 0x00000000cf000000, 0x00000000cf100000|  0%| F|  |TAMS 0x00000000cf000000, 0x00000000cf000000| Untracked 
| 241|0x00000000cf100000, 0x00000000cf100000, 0x00000000cf200000|  0%| F|  |TAMS 0x00000000cf100000, 0x00000000cf100000| Untracked 
| 242|0x00000000cf200000, 0x00000000cf200000, 0x00000000cf300000|  0%| F|  |TAMS 0x00000000cf200000, 0x00000000cf200000| Untracked 
| 243|0x00000000cf300000, 0x00000000cf300000, 0x00000000cf400000|  0%| F|  |TAMS 0x00000000cf300000, 0x00000000cf300000| Untracked 
| 244|0x00000000cf400000, 0x00000000cf400000, 0x00000000cf500000|  0%| F|  |TAMS 0x00000000cf400000, 0x00000000cf400000| Untracked 
| 245|0x00000000cf500000, 0x00000000cf500000, 0x00000000cf600000|  0%| F|  |TAMS 0x00000000cf500000, 0x00000000cf500000| Untracked 
| 246|0x00000000cf600000, 0x00000000cf600000, 0x00000000cf700000|  0%| F|  |TAMS 0x00000000cf600000, 0x00000000cf600000| Untracked 
| 247|0x00000000cf700000, 0x00000000cf700000, 0x00000000cf800000|  0%| F|  |TAMS 0x00000000cf700000, 0x00000000cf700000| Untracked 
| 248|0x00000000cf800000, 0x00000000cf800000, 0x00000000cf900000|  0%| F|  |TAMS 0x00000000cf800000, 0x00000000cf800000| Untracked 
| 249|0x00000000cf900000, 0x00000000cf900000, 0x00000000cfa00000|  0%| F|  |TAMS 0x00000000cf900000, 0x00000000cf900000| Untracked 
| 250|0x00000000cfa00000, 0x00000000cfa00000, 0x00000000cfb00000|  0%| F|  |TAMS 0x00000000cfa00000, 0x00000000cfa00000| Untracked 
| 251|0x00000000cfb00000, 0x00000000cfb00000, 0x00000000cfc00000|  0%| F|  |TAMS 0x00000000cfb00000, 0x00000000cfb00000| Untracked 
| 252|0x00000000cfc00000, 0x00000000cfc00000, 0x00000000cfd00000|  0%| F|  |TAMS 0x00000000cfc00000, 0x00000000cfc00000| Untracked 
| 253|0x00000000cfd00000, 0x00000000cfd00000, 0x00000000cfe00000|  0%| F|  |TAMS 0x00000000cfd00000, 0x00000000cfd00000| Untracked 
| 254|0x00000000cfe00000, 0x00000000cfe00000, 0x00000000cff00000|  0%| F|  |TAMS 0x00000000cfe00000, 0x00000000cfe00000| Untracked 
| 255|0x00000000cff00000, 0x00000000cff00000, 0x00000000d0000000|  0%| F|  |TAMS 0x00000000cff00000, 0x00000000cff00000| Untracked 
| 256|0x00000000d0000000, 0x00000000d0000a78, 0x00000000d0100000|  0%| E|  |TAMS 0x00000000d0000000, 0x00000000d0000000| Complete 

Card table byte_map: [0x0000025cd30e0000,0x0000025cd32e0000] _byte_map_base: 0x0000025cd2ae0000

Marking Bits (Prev, Next): (CMBitMap*) 0x0000025cceb169d8, (CMBitMap*) 0x0000025cceb16998
 Prev Bits: [0x0000025ced990000, 0x0000025cee990000)
 Next Bits: [0x0000025cec990000, 0x0000025ced990000)

Polling page: 0x0000025cd1500000

Metaspace:

Usage:
  Non-class:     10.56 MB capacity,     9.35 MB ( 88%) used,     1.17 MB ( 11%) free+waste,    43.56 KB ( <1%) overhead. 
      Class:      2.03 MB capacity,     1.69 MB ( 83%) used,   325.54 KB ( 16%) free+waste,    23.00 KB (  1%) overhead. 
       Both:     12.60 MB capacity,    11.04 MB ( 88%) used,     1.49 MB ( 12%) free+waste,    66.56 KB ( <1%) overhead. 

Virtual space:
  Non-class space:       12.00 MB reserved,      10.75 MB ( 90%) committed 
      Class space:        1.00 GB reserved,       2.13 MB ( <1%) committed 
             Both:        1.01 GB reserved,      12.88 MB (  1%) committed 

Chunk freelists:
   Non-Class:  0 bytes
       Class:  3.00 KB
        Both:  3.00 KB

MaxMetaspaceSize: 17179869184.00 GB
CompressedClassSpaceSize: 1.00 GB

CodeHeap 'non-profiled nmethods': size=120000Kb used=3054Kb max_used=3563Kb free=116945Kb
 bounds [0x0000025ce5460000, 0x0000025ce57e0000, 0x0000025cec990000]
CodeHeap 'profiled nmethods': size=120000Kb used=3970Kb max_used=6237Kb free=116029Kb
 bounds [0x0000025cddf30000, 0x0000025cde550000, 0x0000025ce5460000]
CodeHeap 'non-nmethods': size=5760Kb used=1169Kb max_used=1282Kb free=4590Kb
 bounds [0x0000025cdd990000, 0x0000025cddc00000, 0x0000025cddf30000]
 total_blobs=3382 nmethods=2966 adapters=327
 compilation: enabled
              stopped_count=0, restarted_count=0
 full_count=0

Compilation events (20 events):
Event: 1483.557 Thread 0x0000025cd48cc800 4209       4       scala.util.matching.Regex$MatchIterator$$anon$1::replace (6 bytes)
Event: 1483.564 Thread 0x0000025cd48cc800 nmethod 4209 0x0000025ce54c4d10 code [0x0000025ce54c4f00, 0x0000025ce54c5708]
Event: 1532.333 Thread 0x0000025cd48cc800 4210       4       scala.util.matching.Regex$$Lambda$43/0x0000000800c2e840::apply (16 bytes)
Event: 1532.342 Thread 0x0000025cd48cc800 nmethod 4210 0x0000025ce5484610 code [0x0000025ce5484860, 0x0000025ce5485208]
Event: 1548.086 Thread 0x0000025cd48cc800 4211       4       java.lang.String::replaceAll (13 bytes)
Event: 1548.088 Thread 0x0000025cd48cc800 nmethod 4211 0x0000025ce56b3d90 code [0x0000025ce56b3fa0, 0x0000025ce56b4270]
Event: 1549.628 Thread 0x0000025cd48cc800 4212       4       java.util.regex.Matcher::appendReplacement (75 bytes)
Event: 1549.631 Thread 0x0000025cd48cc800 nmethod 4212 0x0000025ce5560510 code [0x0000025ce55606e0, 0x0000025ce5560a28]
Event: 1554.139 Thread 0x0000025cd48cc800 4213       4       java.lang.AbstractStringBuilder::charAt (36 bytes)
Event: 1554.141 Thread 0x0000025cd48cc800 nmethod 4213 0x0000025ce578c890 code [0x0000025ce578ca40, 0x0000025ce578cbf8]
Event: 1585.131 Thread 0x0000025cd48cc800 4214       4       java.util.regex.Pattern$BnM::optimize (179 bytes)
Event: 1585.153 Thread 0x0000025cd48cc800 nmethod 4214 0x0000025ce546eb10 code [0x0000025ce546ed20, 0x0000025ce546f8b8]
Event: 1585.566 Thread 0x0000025cd48cc800 4215       4       scala.collection.mutable.StringBuilder::charAt (9 bytes)
Event: 1585.568 Thread 0x0000025cd48cc800 nmethod 4215 0x0000025ce552e390 code [0x0000025ce552e560, 0x0000025ce552e758]
Event: 1642.400 Thread 0x0000025cd48cc800 4216       4       scala.util.matching.Regex$Match::force (12 bytes)
Event: 1642.400 Thread 0x0000025cd48cc800 nmethod 4216 0x0000025ce5574110 code [0x0000025ce55742a0, 0x0000025ce5574378]
Event: 1663.621 Thread 0x0000025cd48cc800 4217       4       scala.collection.mutable.StringBuilder::length (8 bytes)
Event: 1663.622 Thread 0x0000025cd48cc800 nmethod 4217 0x0000025ce54c4a10 code [0x0000025ce54c4ba0, 0x0000025ce54c4c38]
Event: 1742.612 Thread 0x0000025cd48cc800 4218   !   4       java.lang.ref.ReferenceQueue::remove (125 bytes)
Event: 1742.668 Thread 0x0000025cd48cc800 nmethod 4218 0x0000025ce55e7910 code [0x0000025ce55e7b20, 0x0000025ce55e8948]

GC Heap History (20 events):
Event: 1726.051 GC heap before
{Heap before GC invocations=2181 (full 38):
 garbage-first heap   total 263168K, used 233388K [0x00000000c0000000, 0x0000000100000000)
  region size 1024K, 152 young (155648K), 1 survivors (1024K)
 Metaspace       used 11304K, capacity 12899K, committed 13184K, reserved 1060864K
  class space    used 1734K, capacity 2083K, committed 2176K, reserved 1048576K
}
Event: 1726.052 GC heap after
{Heap after GC invocations=2182 (full 38):
 garbage-first heap   total 263168K, used 78762K [0x00000000c0000000, 0x0000000100000000)
  region size 1024K, 1 young (1024K), 1 survivors (1024K)
 Metaspace       used 11304K, capacity 12899K, committed 13184K, reserved 1060864K
  class space    used 1734K, capacity 2083K, committed 2176K, reserved 1048576K
}
Event: 1726.374 GC heap before
{Heap before GC invocations=2182 (full 38):
 garbage-first heap   total 263168K, used 233386K [0x00000000c0000000, 0x0000000100000000)
  region size 1024K, 152 young (155648K), 1 survivors (1024K)
 Metaspace       used 11304K, capacity 12899K, committed 13184K, reserved 1060864K
  class space    used 1734K, capacity 2083K, committed 2176K, reserved 1048576K
}
Event: 1726.375 GC heap after
{Heap after GC invocations=2183 (full 38):
 garbage-first heap   total 263168K, used 78760K [0x00000000c0000000, 0x0000000100000000)
  region size 1024K, 1 young (1024K), 1 survivors (1024K)
 Metaspace       used 11304K, capacity 12899K, committed 13184K, reserved 1060864K
  class space    used 1734K, capacity 2083K, committed 2176K, reserved 1048576K
}
Event: 1726.725 GC heap before
{Heap before GC invocations=2183 (full 38):
 garbage-first heap   total 263168K, used 233384K [0x00000000c0000000, 0x0000000100000000)
  region size 1024K, 152 young (155648K), 1 survivors (1024K)
 Metaspace       used 11304K, capacity 12899K, committed 13184K, reserved 1060864K
  class space    used 1734K, capacity 2083K, committed 2176K, reserved 1048576K
}
Event: 1726.727 GC heap after
{Heap after GC invocations=2184 (full 38):
 garbage-first heap   total 263168K, used 78756K [0x00000000c0000000, 0x0000000100000000)
  region size 1024K, 1 young (1024K), 1 survivors (1024K)
 Metaspace       used 11304K, capacity 12899K, committed 13184K, reserved 1060864K
  class space    used 1734K, capacity 2083K, committed 2176K, reserved 1048576K
}
Event: 1727.056 GC heap before
{Heap before GC invocations=2184 (full 38):
 garbage-first heap   total 263168K, used 233380K [0x00000000c0000000, 0x0000000100000000)
  region size 1024K, 152 young (155648K), 1 survivors (1024K)
 Metaspace       used 11304K, capacity 12899K, committed 13184K, reserved 1060864K
  class space    used 1734K, capacity 2083K, committed 2176K, reserved 1048576K
}
Event: 1727.057 GC heap after
{Heap after GC invocations=2185 (full 38):
 garbage-first heap   total 263168K, used 78766K [0x00000000c0000000, 0x0000000100000000)
  region size 1024K, 1 young (1024K), 1 survivors (1024K)
 Metaspace       used 11304K, capacity 12899K, committed 13184K, reserved 1060864K
  class space    used 1734K, capacity 2083K, committed 2176K, reserved 1048576K
}
Event: 1727.395 GC heap before
{Heap before GC invocations=2185 (full 38):
 garbage-first heap   total 263168K, used 233390K [0x00000000c0000000, 0x0000000100000000)
  region size 1024K, 152 young (155648K), 1 survivors (1024K)
 Metaspace       used 11304K, capacity 12899K, committed 13184K, reserved 1060864K
  class space    used 1734K, capacity 2083K, committed 2176K, reserved 1048576K
}
Event: 1727.396 GC heap after
{Heap after GC invocations=2186 (full 38):
 garbage-first heap   total 263168K, used 78756K [0x00000000c0000000, 0x0000000100000000)
  region size 1024K, 1 young (1024K), 1 survivors (1024K)
 Metaspace       used 11304K, capacity 12899K, committed 13184K, reserved 1060864K
  class space    used 1734K, capacity 2083K, committed 2176K, reserved 1048576K
}
Event: 1727.707 GC heap before
{Heap before GC invocations=2186 (full 38):
 garbage-first heap   total 263168K, used 233380K [0x00000000c0000000, 0x0000000100000000)
  region size 1024K, 152 young (155648K), 1 survivors (1024K)
 Metaspace       used 11304K, capacity 12899K, committed 13184K, reserved 1060864K
  class space    used 1734K, capacity 2083K, committed 2176K, reserved 1048576K
}
Event: 1727.708 GC heap after
{Heap after GC invocations=2187 (full 38):
 garbage-first heap   total 263168K, used 78768K [0x00000000c0000000, 0x0000000100000000)
  region size 1024K, 1 young (1024K), 1 survivors (1024K)
 Metaspace       used 11304K, capacity 12899K, committed 13184K, reserved 1060864K
  class space    used 1734K, capacity 2083K, committed 2176K, reserved 1048576K
}
Event: 1728.029 GC heap before
{Heap before GC invocations=2187 (full 38):
 garbage-first heap   total 263168K, used 233392K [0x00000000c0000000, 0x0000000100000000)
  region size 1024K, 152 young (155648K), 1 survivors (1024K)
 Metaspace       used 11304K, capacity 12899K, committed 13184K, reserved 1060864K
  class space    used 1734K, capacity 2083K, committed 2176K, reserved 1048576K
}
Event: 1728.031 GC heap after
{Heap after GC invocations=2188 (full 38):
 garbage-first heap   total 263168K, used 78762K [0x00000000c0000000, 0x0000000100000000)
  region size 1024K, 1 young (1024K), 1 survivors (1024K)
 Metaspace       used 11304K, capacity 12899K, committed 13184K, reserved 1060864K
  class space    used 1734K, capacity 2083K, committed 2176K, reserved 1048576K
}
Event: 1728.326 GC heap before
{Heap before GC invocations=2188 (full 38):
 garbage-first heap   total 263168K, used 233386K [0x00000000c0000000, 0x0000000100000000)
  region size 1024K, 152 young (155648K), 1 survivors (1024K)
 Metaspace       used 11304K, capacity 12899K, committed 13184K, reserved 1060864K
  class space    used 1734K, capacity 2083K, committed 2176K, reserved 1048576K
}
Event: 1728.328 GC heap after
{Heap after GC invocations=2189 (full 38):
 garbage-first heap   total 263168K, used 78772K [0x00000000c0000000, 0x0000000100000000)
  region size 1024K, 1 young (1024K), 1 survivors (1024K)
 Metaspace       used 11304K, capacity 12899K, committed 13184K, reserved 1060864K
  class space    used 1734K, capacity 2083K, committed 2176K, reserved 1048576K
}
Event: 1728.639 GC heap before
{Heap before GC invocations=2189 (full 38):
 garbage-first heap   total 263168K, used 233396K [0x00000000c0000000, 0x0000000100000000)
  region size 1024K, 152 young (155648K), 1 survivors (1024K)
 Metaspace       used 11304K, capacity 12899K, committed 13184K, reserved 1060864K
  class space    used 1734K, capacity 2083K, committed 2176K, reserved 1048576K
}
Event: 1728.640 GC heap after
{Heap after GC invocations=2190 (full 38):
 garbage-first heap   total 263168K, used 78762K [0x00000000c0000000, 0x0000000100000000)
  region size 1024K, 1 young (1024K), 1 survivors (1024K)
 Metaspace       used 11304K, capacity 12899K, committed 13184K, reserved 1060864K
  class space    used 1734K, capacity 2083K, committed 2176K, reserved 1048576K
}
Event: 1787.265 GC heap before
{Heap before GC invocations=2190 (full 38):
 garbage-first heap   total 263168K, used 89002K [0x00000000c0000000, 0x0000000100000000)
  region size 1024K, 12 young (12288K), 1 survivors (1024K)
 Metaspace       used 11304K, capacity 12899K, committed 13184K, reserved 1060864K
  class space    used 1734K, capacity 2083K, committed 2176K, reserved 1048576K
}
Event: 1787.368 GC heap after
{Heap after GC invocations=2191 (full 39):
 garbage-first heap   total 263168K, used 78747K [0x00000000c0000000, 0x0000000100000000)
  region size 1024K, 0 young (0K), 0 survivors (0K)
 Metaspace       used 11304K, capacity 12899K, committed 13184K, reserved 1060864K
  class space    used 1734K, capacity 2083K, committed 2176K, reserved 1048576K
}

Deoptimization events (20 events):
Event: 1345.554 Thread 0x0000025ccf476800 Uncommon trap: trap_request=0xffffffde fr.pc=0x0000025ce552f194 relative=0x0000000000000314
Event: 1345.554 Thread 0x0000025ccf476800 Uncommon trap: reason=class_check action=maybe_recompile pc=0x0000025ce552f194 method=java.util.regex.Matcher.search(I)Z @ 121 c2
Event: 1345.554 Thread 0x0000025ccf476800 DEOPT PACKING pc=0x0000025ce552f194 sp=0x00000069395ea0c0
Event: 1345.554 Thread 0x0000025ccf476800 DEOPT UNPACKING pc=0x0000025cdd9d912f sp=0x00000069395e9fe8 mode 2
Event: 1354.548 Thread 0x0000025ccf476800 Uncommon trap: trap_request=0xffffff45 fr.pc=0x0000025ce579f748 relative=0x0000000000000968
Event: 1354.548 Thread 0x0000025ccf476800 Uncommon trap: reason=unstable_if action=reinterpret pc=0x0000025ce579f748 method=org.openkoreantext.processor.tokenizer.ParsedChunk.$anonfun$josaMismatched$1(Lscala/collection/Seq;)Z @ 322 c2
Event: 1354.548 Thread 0x0000025ccf476800 DEOPT PACKING pc=0x0000025ce579f748 sp=0x00000069395e9e00
Event: 1354.548 Thread 0x0000025ccf476800 DEOPT UNPACKING pc=0x0000025cdd9d912f sp=0x00000069395e9d70 mode 2
Event: 1408.746 Thread 0x0000025ccf476800 Uncommon trap: trap_request=0xffffffde fr.pc=0x0000025ce57636b8 relative=0x0000000000000758
Event: 1408.746 Thread 0x0000025ccf476800 Uncommon trap: reason=class_check action=maybe_recompile pc=0x0000025ce57636b8 method=java.util.regex.Matcher.search(I)Z @ 121 c2
Event: 1408.746 Thread 0x0000025ccf476800 DEOPT PACKING pc=0x0000025ce57636b8 sp=0x00000069395ea120
Event: 1408.746 Thread 0x0000025ccf476800 DEOPT UNPACKING pc=0x0000025cdd9d912f sp=0x00000069395e9ff8 mode 2
Event: 1408.746 Thread 0x0000025ccf476800 Uncommon trap: trap_request=0xffffffde fr.pc=0x0000025ce552f194 relative=0x0000000000000314
Event: 1408.746 Thread 0x0000025ccf476800 Uncommon trap: reason=class_check action=maybe_recompile pc=0x0000025ce552f194 method=java.util.regex.Matcher.search(I)Z @ 121 c2
Event: 1408.746 Thread 0x0000025ccf476800 DEOPT PACKING pc=0x0000025ce552f194 sp=0x00000069395ea0c0
Event: 1408.746 Thread 0x0000025ccf476800 DEOPT UNPACKING pc=0x0000025cdd9d912f sp=0x00000069395e9fe8 mode 2
Event: 1433.508 Thread 0x0000025ccf476800 Uncommon trap: trap_request=0xffffffde fr.pc=0x0000025ce57636b8 relative=0x0000000000000758
Event: 1433.508 Thread 0x0000025ccf476800 Uncommon trap: reason=class_check action=maybe_recompile pc=0x0000025ce57636b8 method=java.util.regex.Matcher.search(I)Z @ 121 c2
Event: 1433.508 Thread 0x0000025ccf476800 DEOPT PACKING pc=0x0000025ce57636b8 sp=0x00000069395ea120
Event: 1433.508 Thread 0x0000025ccf476800 DEOPT UNPACKING pc=0x0000025cdd9d912f sp=0x00000069395e9ff8 mode 2

Classes unloaded (3 events):
Event: 1117.418 Thread 0x0000025cd48a6000 Unloading class 0x0000000800d1e440 'jdk/internal/reflect/GeneratedMethodAccessor2'
Event: 1117.418 Thread 0x0000025cd48a6000 Unloading class 0x0000000800d03040 'java/lang/invoke/LambdaForm$MH'
Event: 1117.418 Thread 0x0000025cd48a6000 Unloading class 0x0000000800d01040 'java/lang/invoke/LambdaForm$DMH'

Classes redefined (0 events):
No events

Internal exceptions (20 events):
Event: 0.232 Thread 0x0000025ccf476800 Exception <a 'java/lang/IncompatibleClassChangeError'{0x00000000c7c1d9f8}: Found class java.lang.Object, but interface was expected> (0x00000000c7c1d9f8) 
thrown [./open/src/hotspot/share/interpreter/linkResolver.cpp, line 832]
Event: 0.453 Thread 0x0000025ccf476800 Exception <a 'java/lang/NoSuchMethodError'{0x00000000c08cac68}: 'void java.lang.invoke.DirectMethodHandle$Holder.invokeSpecial(java.lang.Object, java.lang.Object, java.lang.Object, java.lang.Object)'> (0x00000000c08cac68) 
thrown [./open/src/hotspot/share/interpreter/linkResolver.cpp, line 766]
Event: 14.419 Thread 0x0000025ccf476800 Exception <a 'java/lang/NoSuchMethodError'{0x00000000c0ed68d0}: 'java.lang.Object java.lang.invoke.Invokers$Holder.invokeExact_MT(java.lang.Object, java.lang.Object, java.lang.Object, java.lang.Object, java.lang.Object, java.lang.Object)'> (0x00000000c0ed68d0) 
thrown [./open/src/hotspot/share/interpreter/linkResolver.cpp, line 766]
Event: 14.711 Thread 0x0000025ccf476800 Exception <a 'java/lang/NoSuchMethodError'{0x00000000c12670e0}: 'int java.lang.invoke.DirectMethodHandle$Holder.invokeStatic(java.lang.Object, java.lang.Object, int)'> (0x00000000c12670e0) 
thrown [./open/src/hotspot/share/interpreter/linkResolver.cpp, line 766]
Event: 14.816 Thread 0x0000025ccf476800 Exception <a 'java/lang/NoSuchMethodError'{0x00000000c100bfc8}: 'java.lang.Object java.lang.invoke.DirectMethodHandle$Holder.invokeStaticInit(java.lang.Object, java.lang.Object, java.lang.Object)'> (0x00000000c100bfc8) 
thrown [./open/src/hotspot/share/interpreter/linkResolver.cpp, line 766]
Event: 14.827 Thread 0x0000025ccf476800 Exception <a 'java/lang/NoSuchMethodError'{0x00000000c1051cd0}: 'java.lang.Object java.lang.invoke.DirectMethodHandle$Holder.invokeStaticInit(java.lang.Object, java.lang.Object, java.lang.Object, java.lang.Object)'> (0x00000000c1051cd0) 
thrown [./open/src/hotspot/share/interpreter/linkResolver.cpp, line 766]
Event: 15.272 Thread 0x0000025ccf476800 Exception <a 'java/lang/NoSuchMethodError'{0x00000000c1af7870}: 'java.lang.Object java.lang.invoke.DirectMethodHandle$Holder.invokeStatic(java.lang.Object, java.lang.Object, int, java.lang.Object)'> (0x00000000c1af7870) 
thrown [./open/src/hotspot/share/interpreter/linkResolver.cpp, line 766]
Event: 15.273 Thread 0x0000025ccf476800 Exception <a 'java/lang/NoSuchMethodError'{0x00000000c19003d0}: 'java.lang.Object java.lang.invoke.Invokers$Holder.linkToTargetMethod(java.lang.Object, int, java.lang.Object)'> (0x00000000c19003d0) 
thrown [./open/src/hotspot/share/interpreter/linkResolver.cpp, line 766]
Event: 15.282 Thread 0x0000025ccf476800 Exception <a 'java/lang/NoSuchMethodError'{0x00000000c192b1f8}: 'java.lang.Object java.lang.invoke.DirectMethodHandle$Holder.invokeStatic(java.lang.Object, int, java.lang.Object)'> (0x00000000c192b1f8) 
thrown [./open/src/hotspot/share/interpreter/linkResolver.cpp, line 766]
Event: 15.287 Thread 0x0000025ccf476800 Exception <a 'java/lang/NoSuchMethodError'{0x00000000c1941fd0}: 'java.lang.Object java.lang.invoke.DirectMethodHandle$Holder.invokeStatic(java.lang.Object, int, int, java.lang.Object)'> (0x00000000c1941fd0) 
thrown [./open/src/hotspot/share/interpreter/linkResolver.cpp, line 766]
Event: 17.196 Thread 0x0000025ccf476800 Exception <a 'java/lang/NoSuchMethodError'{0x00000000c5dc67c0}: 'int java.lang.invoke.DirectMethodHandle$Holder.invokeSpecialIFC(java.lang.Object, java.lang.Object, int)'> (0x00000000c5dc67c0) 
thrown [./open/src/hotspot/share/interpreter/linkResolver.cpp, line 766]
Event: 17.266 Thread 0x0000025ccf476800 Exception <a 'java/lang/NoSuchMethodError'{0x00000000c5b4f288}: 'java.lang.Object java.lang.invoke.Invokers$Holder.linkToTargetMethod(java.lang.Object, int, java.lang.Object, java.lang.Object)'> (0x00000000c5b4f288) 
thrown [./open/src/hotspot/share/interpreter/linkResolver.cpp, line 766]
Event: 17.322 Thread 0x0000025ccf476800 Exception <a 'java/lang/NoSuchMethodError'{0x00000000c5a64e90}: 'java.lang.Object java.lang.invoke.DirectMethodHandle$Holder.invokeStatic(java.lang.Object, java.lang.Object, java.lang.Object, java.lang.Object, int, java.lang.Object)'> (0x00000000c5a64e90) 
thrown [./open/src/hotspot/share/interpreter/linkResolver.cpp, line 766]
Event: 17.322 Thread 0x0000025ccf476800 Exception <a 'java/lang/NoSuchMethodError'{0x00000000c5a68430}: 'java.lang.Object java.lang.invoke.DirectMethodHandle$Holder.invokeSpecial(java.lang.Object, java.lang.Object, java.lang.Object, java.lang.Object, java.lang.Object, int, java.lang.Object)'> (0x00000000c5a68430) 
thrown [./open/src/hotspot/share/interpreter/linkResolver.cpp, line 766]
Event: 17.322 Thread 0x0000025ccf476800 Exception <a 'java/lang/NoSuchMethodError'{0x00000000c5a6b2a0}: 'java.lang.Object java.lang.invoke.Invokers$Holder.linkToTargetMethod(java.lang.Object, java.lang.Object, java.lang.Object, int, java.lang.Object, java.lang.Object)'> (0x00000000c5a6b2a0) 
thrown [./open/src/hotspot/share/interpreter/linkResolver.cpp, line 766]
Event: 17.345 Thread 0x0000025ccf476800 Exception <a 'java/lang/NoSuchMethodError'{0x00000000c5aaa738}: 'java.lang.Object java.lang.invoke.DirectMethodHandle$Holder.invokeStaticInit(java.lang.Object, java.lang.Object, java.lang.Object, java.lang.Object, java.lang.Object)'> (0x00000000c5aaa738) 
thrown [./open/src/hotspot/share/interpreter/linkResolver.cpp, line 766]
Event: 17.347 Thread 0x0000025ccf476800 Exception <a 'java/lang/NoSuchMethodError'{0x00000000c5ab1398}: 'java.lang.Object java.lang.invoke.Invokers$Holder.invoke_MT(java.lang.Object, java.lang.Object, java.lang.Object, java.lang.Object, java.lang.Object, java.lang.Object)'> (0x00000000c5ab1398) 
thrown [./open/src/hotspot/share/interpreter/linkResolver.cpp, line 766]
Event: 17.350 Thread 0x0000025ccf476800 Exception <a 'java/lang/NoSuchMethodError'{0x00000000c5abba98}: 'java.lang.Object java.lang.invoke.Invokers$Holder.invoker(java.lang.Object, java.lang.Object, java.lang.Object)'> (0x00000000c5abba98) 
thrown [./open/src/hotspot/share/interpreter/linkResolver.cpp, line 766]
Event: 17.353 Thread 0x0000025ccf476800 Exception <a 'java/lang/NoSuchMethodError'{0x00000000c5aca488}: 'void java.lang.invoke.DelegatingMethodHandle$Holder.delegate(java.lang.Object, java.lang.Object, int, java.lang.Object)'> (0x00000000c5aca488) 
thrown [./open/src/hotspot/share/interpreter/linkResolver.cpp, line 766]
Event: 17.353 Thread 0x0000025ccf476800 Exception <a 'java/lang/NoSuchMethodError'{0x00000000c5ad17a0}: 'java.lang.Object java.lang.invoke.Invokers$Holder.invokeExact_MT(java.lang.Object, java.lang.Object, java.lang.Object, java.lang.Object)'> (0x00000000c5ad17a0) 
thrown [./open/src/hotspot/share/interpreter/linkResolver.cpp, line 766]

Events (20 events):
Event: 1726.727 Executing VM operation: G1CollectForAllocation done
Event: 1727.055 Executing VM operation: G1CollectForAllocation
Event: 1727.057 Executing VM operation: G1CollectForAllocation done
Event: 1727.395 Executing VM operation: G1CollectForAllocation
Event: 1727.396 Executing VM operation: G1CollectForAllocation done
Event: 1727.707 Executing VM operation: G1CollectForAllocation
Event: 1727.708 Executing VM operation: G1CollectForAllocation done
Event: 1728.029 Executing VM operation: G1CollectForAllocation
Event: 1728.031 Executing VM operation: G1CollectForAllocation done
Event: 1728.326 Executing VM operation: G1CollectForAllocation
Event: 1728.328 Executing VM operation: G1CollectForAllocation done
Event: 1728.639 Executing VM operation: G1CollectForAllocation
Event: 1728.640 Executing VM operation: G1CollectForAllocation done
Event: 1742.665 Executing VM operation: HandshakeAllThreads
Event: 1742.666 Executing VM operation: HandshakeAllThreads done
Event: 1742.675 Thread 0x0000025cd48ce800 flushing nmethod 0x0000025cde1b1810
Event: 1742.678 Thread 0x0000025cd48ce800 flushing nmethod 0x0000025cde4ebd90
Event: 1787.265 Executing VM operation: G1CollectFull
Event: 1787.369 Executing VM operation: G1CollectFull done
Event: 1821.059 Executing VM operation: G1CollectFull


Dynamic libraries:
0x000000001cfe0000 - 0x000000001cffb000 	C:\Users\User\anaconda3\envs\nlp\python.exe
0x00007ffc5ef10000 - 0x00007ffc5f104000 	C:\WINDOWS\SYSTEM32\ntdll.dll
0x00007ffc5d5c0000 - 0x00007ffc5d67d000 	C:\WINDOWS\System32\KERNEL32.DLL
0x00007ffc5ccb0000 - 0x00007ffc5cf77000 	C:\WINDOWS\System32\KERNELBASE.dll
0x00007ffc5c730000 - 0x00007ffc5c830000 	C:\WINDOWS\System32\ucrtbase.dll
0x000000005f440000 - 0x000000005f7e3000 	C:\Users\User\anaconda3\envs\nlp\python36.dll
0x00007ffc54ac0000 - 0x00007ffc54ad5000 	C:\Users\User\anaconda3\envs\nlp\VCRUNTIME140.dll
0x00007ffc5d6a0000 - 0x00007ffc5d6f5000 	C:\WINDOWS\System32\SHLWAPI.dll
0x00007ffc5e640000 - 0x00007ffc5e6de000 	C:\WINDOWS\System32\msvcrt.dll
0x00007ffc51b70000 - 0x00007ffc51b7a000 	C:\WINDOWS\SYSTEM32\VERSION.dll
0x00007ffc5d700000 - 0x00007ffc5d76b000 	C:\WINDOWS\System32\WS2_32.dll
0x00007ffc5d490000 - 0x00007ffc5d5b3000 	C:\WINDOWS\System32\RPCRT4.dll
0x00007ffc5d2e0000 - 0x00007ffc5d38a000 	C:\WINDOWS\System32\ADVAPI32.dll
0x00007ffc5e270000 - 0x00007ffc5e30b000 	C:\WINDOWS\System32\sechost.dll
0x00007ffc5bf70000 - 0x00007ffc5bf88000 	C:\WINDOWS\SYSTEM32\CRYPTSP.dll
0x00007ffc5b720000 - 0x00007ffc5b754000 	C:\WINDOWS\system32\rsaenh.dll
0x00007ffc5c960000 - 0x00007ffc5c987000 	C:\WINDOWS\System32\bcrypt.dll
0x00007ffc5bf60000 - 0x00007ffc5bf6c000 	C:\WINDOWS\SYSTEM32\CRYPTBASE.dll
0x00007ffc5c660000 - 0x00007ffc5c6df000 	C:\WINDOWS\System32\bcryptPrimitives.dll
0x00007ffc54ab0000 - 0x00007ffc54abf000 	C:\Users\User\anaconda3\envs\nlp\python3.dll
0x000000005f420000 - 0x000000005f438000 	C:\Users\User\anaconda3\envs\nlp\DLLs\_bz2.pyd
0x00007ffc4b1d0000 - 0x00007ffc4b211000 	C:\Users\User\anaconda3\envs\nlp\DLLs\_lzma.pyd
0x00007ffc394f0000 - 0x00007ffc39692000 	C:\Users\User\anaconda3\envs\nlp\DLLs\_hashlib.pyd
0x00007ffc5d770000 - 0x00007ffc5d910000 	C:\WINDOWS\System32\USER32.dll
0x00007ffc5c830000 - 0x00007ffc5c852000 	C:\WINDOWS\System32\win32u.dll
0x00007ffc5d250000 - 0x00007ffc5d27a000 	C:\WINDOWS\System32\GDI32.dll
0x00007ffc5caf0000 - 0x00007ffc5cbfa000 	C:\WINDOWS\System32\gdi32full.dll
0x00007ffc5c8c0000 - 0x00007ffc5c95d000 	C:\WINDOWS\System32\msvcp_win.dll
0x00007ffc5d460000 - 0x00007ffc5d490000 	C:\WINDOWS\System32\IMM32.DLL
0x000000005f3c0000 - 0x000000005f3e3000 	C:\Users\User\anaconda3\envs\nlp\DLLs\_ctypes.pyd
0x00007ffc5d910000 - 0x00007ffc5da39000 	C:\WINDOWS\System32\ole32.dll
0x00007ffc5eb50000 - 0x00007ffc5eea3000 	C:\WINDOWS\System32\combase.dll
0x00007ffc5d390000 - 0x00007ffc5d45d000 	C:\WINDOWS\System32\OLEAUT32.dll
0x00007ffc5db30000 - 0x00007ffc5e265000 	C:\WINDOWS\System32\shell32.DLL
0x000000005f250000 - 0x000000005f267000 	C:\Users\User\anaconda3\envs\nlp\DLLs\_sqlite3.pyd
0x00007ffc33940000 - 0x00007ffc33a47000 	C:\Users\User\anaconda3\envs\nlp\Library\bin\sqlite3.dll
0x000000005f3f0000 - 0x000000005f3f9000 	C:\Users\User\anaconda3\envs\nlp\DLLs\select.pyd
0x000000005f280000 - 0x000000005f28d000 	C:\Users\User\anaconda3\envs\nlp\DLLs\_overlapped.pyd
0x000000005f400000 - 0x000000005f414000 	C:\Users\User\anaconda3\envs\nlp\DLLs\_socket.pyd
0x00007ffc5bd90000 - 0x00007ffc5bdfa000 	C:\WINDOWS\system32\mswsock.dll
0x000000005f270000 - 0x000000005f27a000 	C:\Users\User\anaconda3\envs\nlp\DLLs\_multiprocessing.pyd
0x00007ffc4c740000 - 0x00007ffc4c750000 	C:\Users\User\anaconda3\envs\nlp\DLLs\_asyncio.pyd
0x00007ffc2f240000 - 0x00007ffc2f451000 	C:\Users\User\anaconda3\envs\nlp\DLLs\_ssl.pyd
0x00007ffc5c990000 - 0x00007ffc5caed000 	C:\WINDOWS\System32\CRYPT32.dll
0x000000005f290000 - 0x000000005f36e000 	C:\Users\User\anaconda3\envs\nlp\DLLs\unicodedata.pyd
0x00007ffc53e60000 - 0x00007ffc53e76000 	C:\Users\User\anaconda3\envs\nlp\lib\site-packages\zmq\backend\cython\constants.cp36-win_amd64.pyd
0x00007ffc54960000 - 0x00007ffc5496c000 	C:\Users\User\anaconda3\envs\nlp\lib\site-packages\zmq\backend\cython\error.cp36-win_amd64.pyd
0x00007ffc4b150000 - 0x00007ffc4b1c2000 	C:\Users\User\anaconda3\envs\nlp\Library\bin\libzmq-mt-4_3_1.dll
0x00007ffc5ba80000 - 0x00007ffc5babb000 	C:\WINDOWS\SYSTEM32\IPHLPAPI.DLL
0x00007ffc39200000 - 0x00007ffc39291000 	C:\WINDOWS\SYSTEM32\MSVCP140.dll
0x00007ffc4ade0000 - 0x00007ffc4ae2b000 	C:\Users\User\anaconda3\envs\nlp\Library\bin\libsodium.dll
0x00007ffc53e50000 - 0x00007ffc53e5c000 	C:\WINDOWS\SYSTEM32\VCRUNTIME140_1.dll
0x00007ffc50530000 - 0x00007ffc5054a000 	C:\Users\User\anaconda3\envs\nlp\lib\site-packages\zmq\backend\cython\message.cp36-win_amd64.pyd
0x00007ffc4c750000 - 0x00007ffc4c764000 	C:\Users\User\anaconda3\envs\nlp\lib\site-packages\zmq\backend\cython\context.cp36-win_amd64.pyd
0x00007ffc4b120000 - 0x00007ffc4b146000 	C:\Users\User\anaconda3\envs\nlp\lib\site-packages\zmq\backend\cython\socket.cp36-win_amd64.pyd
0x00007ffc53e40000 - 0x00007ffc53e4e000 	C:\Users\User\anaconda3\envs\nlp\lib\site-packages\zmq\backend\cython\utils.cp36-win_amd64.pyd
0x00007ffc4adc0000 - 0x00007ffc4add4000 	C:\Users\User\anaconda3\envs\nlp\lib\site-packages\zmq\backend\cython\_poll.cp36-win_amd64.pyd
0x00007ffc53ba0000 - 0x00007ffc53bac000 	C:\Users\User\anaconda3\envs\nlp\lib\site-packages\zmq\backend\cython\_version.cp36-win_amd64.pyd
0x00007ffc4ada0000 - 0x00007ffc4adb2000 	C:\Users\User\anaconda3\envs\nlp\lib\site-packages\zmq\backend\cython\_device.cp36-win_amd64.pyd
0x00007ffc4c7e0000 - 0x00007ffc4c7f0000 	C:\Users\User\anaconda3\envs\nlp\lib\site-packages\zmq\backend\cython\_proxy_steerable.cp36-win_amd64.pyd
0x00007ffc54aa0000 - 0x00007ffc54aa7000 	C:\Users\User\anaconda3\envs\nlp\lib\site-packages\tornado\speedups.cp36-win_amd64.pyd
0x000000005f370000 - 0x000000005f3b4000 	C:\Users\User\anaconda3\envs\nlp\DLLs\_decimal.pyd
0x00007ffc5afc0000 - 0x00007ffc5afd3000 	C:\WINDOWS\SYSTEM32\kernel.appcore.dll
0x00007ffc5da40000 - 0x00007ffc5da49000 	C:\WINDOWS\System32\NSI.dll
0x00007ffc50a20000 - 0x00007ffc50a37000 	C:\WINDOWS\SYSTEM32\dhcpcsvc6.DLL
0x00007ffc51d50000 - 0x00007ffc51d6d000 	C:\WINDOWS\SYSTEM32\dhcpcsvc.DLL
0x00007ffc5bac0000 - 0x00007ffc5bb8a000 	C:\WINDOWS\SYSTEM32\DNSAPI.dll
0x000000005f1e0000 - 0x000000005f204000 	C:\Users\User\anaconda3\envs\nlp\lib\site-packages\win32\win32api.pyd
0x000000005f1b0000 - 0x000000005f1d6000 	C:\Users\User\anaconda3\envs\nlp\lib\site-packages\win32\pywintypes36.dll
0x00007ffc469f0000 - 0x00007ffc469fc000 	C:\WINDOWS\SYSTEM32\secur32.dll
0x00007ffc5c550000 - 0x00007ffc5c581000 	C:\WINDOWS\SYSTEM32\SSPICLI.DLL
0x000000005f180000 - 0x000000005f1a6000 	C:\Users\User\anaconda3\envs\nlp\lib\site-packages\win32\win32security.pyd
0x00007ffc47a60000 - 0x00007ffc47a78000 	C:\WINDOWS\SYSTEM32\NETAPI32.dll
0x00007ffc5bb90000 - 0x00007ffc5bb9c000 	C:\WINDOWS\SYSTEM32\NETUTILS.DLL
0x0000025cce1d0000 - 0x0000025cce1d3000 	C:\WINDOWS\SYSTEM32\security.dll
0x00007ffc549d0000 - 0x00007ffc549fa000 	C:\WINDOWS\SYSTEM32\ntdsapi.dll
0x00007ffc5bba0000 - 0x00007ffc5bbe2000 	C:\WINDOWS\SYSTEM32\LOGONCLI.DLL
0x00007ffc59b20000 - 0x00007ffc59b27000 	C:\Users\User\anaconda3\envs\nlp\lib\site-packages\mkl\_mklinit.cp36-win_amd64.pyd
0x00007ffc16c20000 - 0x00007ffc17aa3000 	C:\Users\User\anaconda3\envs\nlp\Library\bin\mkl_rt.dll
0x00007ffc498e0000 - 0x00007ffc49902000 	C:\Users\User\anaconda3\envs\nlp\lib\site-packages\mkl\_py_mkl_service.cp36-win_amd64.pyd
0x00007ffc3dff0000 - 0x00007ffc3e2bb000 	C:\Users\User\anaconda3\envs\nlp\lib\site-packages\numpy\core\_multiarray_umath.cp36-win_amd64.pyd
0x00007ffc54a40000 - 0x00007ffc54a5e000 	C:\Users\User\anaconda3\envs\nlp\lib\site-packages\numpy\core\_multiarray_tests.cp36-win_amd64.pyd
0x00007ffc59af0000 - 0x00007ffc59af9000 	C:\Users\User\anaconda3\envs\nlp\lib\site-packages\numpy\linalg\lapack_lite.cp36-win_amd64.pyd
0x00007ffc498b0000 - 0x00007ffc498da000 	C:\Users\User\anaconda3\envs\nlp\lib\site-packages\numpy\linalg\_umath_linalg.cp36-win_amd64.pyd
0x00007ffc49720000 - 0x00007ffc49740000 	C:\Users\User\anaconda3\envs\nlp\lib\site-packages\numpy\fft\_pocketfft_internal.cp36-win_amd64.pyd
0x00007ffc49680000 - 0x00007ffc49713000 	C:\Users\User\anaconda3\envs\nlp\lib\site-packages\numpy\random\mtrand.cp36-win_amd64.pyd
0x00007ffc3dfc0000 - 0x00007ffc3dfeb000 	C:\Users\User\anaconda3\envs\nlp\lib\site-packages\numpy\random\_bit_generator.cp36-win_amd64.pyd
0x00007ffc3df90000 - 0x00007ffc3dfbe000 	C:\Users\User\anaconda3\envs\nlp\lib\site-packages\numpy\random\_common.cp36-win_amd64.pyd
0x00007ffc3df40000 - 0x00007ffc3df89000 	C:\Users\User\anaconda3\envs\nlp\lib\site-packages\numpy\random\_bounded_integers.cp36-win_amd64.pyd
0x00007ffc49660000 - 0x00007ffc4967d000 	C:\Users\User\anaconda3\envs\nlp\lib\site-packages\numpy\random\_mt19937.cp36-win_amd64.pyd
0x00007ffc3df20000 - 0x00007ffc3df38000 	C:\Users\User\anaconda3\envs\nlp\lib\site-packages\numpy\random\_philox.cp36-win_amd64.pyd
0x00007ffc3df00000 - 0x00007ffc3df15000 	C:\Users\User\anaconda3\envs\nlp\lib\site-packages\numpy\random\_pcg64.cp36-win_amd64.pyd
0x00007ffc3aa10000 - 0x00007ffc3aa22000 	C:\Users\User\anaconda3\envs\nlp\lib\site-packages\numpy\random\_sfc64.cp36-win_amd64.pyd
0x00007ffc2f5e0000 - 0x00007ffc2f689000 	C:\Users\User\anaconda3\envs\nlp\lib\site-packages\numpy\random\_generator.cp36-win_amd64.pyd
0x00007ffc14cb0000 - 0x00007ffc16c13000 	C:\Users\User\anaconda3\envs\nlp\Library\bin\mkl_intel_thread.dll
0x00007ffc19860000 - 0x00007ffc19a60000 	C:\Users\User\anaconda3\envs\nlp\Library\bin\libiomp5md.dll
0x00007ffc10880000 - 0x00007ffc14cab000 	C:\Users\User\anaconda3\envs\nlp\Library\bin\mkl_core.dll
0x00007ffc0aec0000 - 0x00007ffc0d5ce000 	C:\Users\User\anaconda3\envs\nlp\Library\bin\mkl_avx2.dll
0x00007ffc0fc20000 - 0x00007ffc1087e000 	C:\Users\User\anaconda3\envs\nlp\Library\bin\mkl_vml_avx2.dll
0x00007ffc09a60000 - 0x00007ffc09aa0000 	C:\Users\User\anaconda3\envs\nlp\lib\site-packages\pandas\_libs\tslibs\conversion.cp36-win_amd64.pyd
0x00007ffc09a20000 - 0x00007ffc09a5c000 	C:\Users\User\anaconda3\envs\nlp\lib\site-packages\pandas\_libs\tslibs\c_timestamp.cp36-win_amd64.pyd
0x00007ffc099e0000 - 0x00007ffc09a13000 	C:\Users\User\anaconda3\envs\nlp\lib\site-packages\pandas\_libs\tslibs\nattype.cp36-win_amd64.pyd
0x00007ffc099c0000 - 0x00007ffc099d1000 	C:\Users\User\anaconda3\envs\nlp\lib\site-packages\pandas\_libs\tslibs\np_datetime.cp36-win_amd64.pyd
0x00007ffc09980000 - 0x00007ffc099b6000 	C:\Users\User\anaconda3\envs\nlp\lib\site-packages\pandas\_libs\tslibs\timezones.cp36-win_amd64.pyd
0x00007ffc09940000 - 0x00007ffc0997f000 	C:\Users\User\anaconda3\envs\nlp\lib\site-packages\pandas\_libs\tslibs\tzconversion.cp36-win_amd64.pyd
0x00007ffc098d0000 - 0x00007ffc09936000 	C:\Users\User\anaconda3\envs\nlp\lib\site-packages\pandas\_libs\tslibs\timedeltas.cp36-win_amd64.pyd
0x00007ffc09870000 - 0x00007ffc098ca000 	C:\Users\User\anaconda3\envs\nlp\lib\site-packages\pandas\_libs\tslibs\offsets.cp36-win_amd64.pyd
0x00007ffc09850000 - 0x00007ffc09863000 	C:\Users\User\anaconda3\envs\nlp\lib\site-packages\pandas\_libs\tslibs\ccalendar.cp36-win_amd64.pyd
0x00007ffc097f0000 - 0x00007ffc09844000 	C:\Users\User\anaconda3\envs\nlp\lib\site-packages\pandas\_libs\tslibs\strptime.cp36-win_amd64.pyd
0x00007ffc097b0000 - 0x00007ffc097ec000 	C:\Users\User\anaconda3\envs\nlp\lib\site-packages\pandas\_libs\tslibs\fields.cp36-win_amd64.pyd
0x00007ffc09750000 - 0x00007ffc097a6000 	C:\Users\User\anaconda3\envs\nlp\lib\site-packages\pandas\_libs\tslibs\parsing.cp36-win_amd64.pyd
0x00007ffc09720000 - 0x00007ffc09742000 	C:\Users\User\anaconda3\envs\nlp\lib\site-packages\pandas\_libs\tslibs\frequencies.cp36-win_amd64.pyd
0x00007ffc096b0000 - 0x00007ffc09711000 	C:\Users\User\anaconda3\envs\nlp\lib\site-packages\pandas\_libs\tslibs\period.cp36-win_amd64.pyd
0x00007ffc09660000 - 0x00007ffc096a2000 	C:\Users\User\anaconda3\envs\nlp\lib\site-packages\pandas\_libs\tslibs\timestamps.cp36-win_amd64.pyd
0x00007ffc09620000 - 0x00007ffc0965a000 	C:\Users\User\anaconda3\envs\nlp\lib\site-packages\pandas\_libs\tslibs\resolution.cp36-win_amd64.pyd
0x00007ffc09590000 - 0x00007ffc09619000 	C:\Users\User\anaconda3\envs\nlp\lib\site-packages\pandas\_libs\hashtable.cp36-win_amd64.pyd
0x00007ffc09560000 - 0x00007ffc0958d000 	C:\Users\User\anaconda3\envs\nlp\lib\site-packages\pandas\_libs\missing.cp36-win_amd64.pyd
0x00007ffc09540000 - 0x00007ffc09552000 	C:\Users\User\anaconda3\envs\nlp\lib\site-packages\pandas\_libs\ops_dispatch.cp36-win_amd64.pyd
0x00007ffc094c0000 - 0x00007ffc09538000 	C:\Users\User\anaconda3\envs\nlp\lib\site-packages\pandas\_libs\lib.cp36-win_amd64.pyd
0x00007ffc09470000 - 0x00007ffc094b5000 	C:\Users\User\anaconda3\envs\nlp\lib\site-packages\pandas\_libs\tslib.cp36-win_amd64.pyd
0x00007ffc09340000 - 0x00007ffc09462000 	C:\Users\User\anaconda3\envs\nlp\lib\site-packages\pandas\_libs\interval.cp36-win_amd64.pyd
0x00007ffc091f0000 - 0x00007ffc09335000 	C:\Users\User\anaconda3\envs\nlp\lib\site-packages\pandas\_libs\algos.cp36-win_amd64.pyd
0x00007ffc091d0000 - 0x00007ffc091e4000 	C:\Users\User\anaconda3\envs\nlp\lib\site-packages\pandas\_libs\properties.cp36-win_amd64.pyd
0x00007ffc091a0000 - 0x00007ffc091cc000 	C:\Users\User\anaconda3\envs\nlp\lib\site-packages\pandas\_libs\hashing.cp36-win_amd64.pyd
0x00007ffc09160000 - 0x00007ffc09194000 	C:\Users\User\anaconda3\envs\nlp\lib\site-packages\pandas\_libs\ops.cp36-win_amd64.pyd
0x00007ffc09140000 - 0x00007ffc09159000 	C:\Users\User\anaconda3\envs\nlp\lib\site-packages\bottleneck\reduce.cp36-win_amd64.pyd
0x00007ffc46770000 - 0x00007ffc4677a000 	C:\Users\User\anaconda3\envs\nlp\lib\site-packages\bottleneck\nonreduce.cp36-win_amd64.pyd
0x00007ffc465a0000 - 0x00007ffc465af000 	C:\Users\User\anaconda3\envs\nlp\lib\site-packages\bottleneck\nonreduce_axis.cp36-win_amd64.pyd

dbghelp: loaded successfully - version: 4.0.5 - missing functions: none
symbol engine: initialized successfully - sym options: 0x614 - pdb path: .;C:\Users\User\anaconda3\envs\nlp;C:\WINDOWS\SYSTEM32;C:\Users\User\anaconda3\envs\nlp\DLLs;C:\Users\User\anaconda3\envs\nlp\Library\bin;C:\Users\User\anaconda3\envs\nlp\lib\site-packages\zmq\backend\cython;C:\Users\User\anaconda3\envs\nlp\lib\site-packages\tornado;C:\Users\User\anaconda3\envs\nlp\lib\site-packages\win32;C:\Users\User\anaconda3\envs\nlp\lib\site-packages\mkl;C:\Users\User\anaconda3\envs\nlp\lib\site-packages\numpy\core;C:\Users\User\anaconda3\envs\nlp\lib\site-packages\numpy\linalg;C:\Users\User\anaconda3\envs\nlp\lib\site-packages\numpy\fft;C:\Users\User\anaconda3\envs\nlp\lib\site-packages\numpy\random;C:\Users\User\anaconda3\envs\nlp\lib\site-packages\pandas\_libs\tslibs;C:\Users\User\anaconda3\envs\nlp\lib\site-packages\pandas\_libs;C:\Users\User\anaconda3\envs\nlp\lib\site-packages\bottleneck;C:\Users\User\anaconda3\envs\nlp\lib\site-packages\pandas\_libs\window;C:\Users\User\anaconda3\envs\nlp\lib\site-packages;C:\Users\User\anaconda3\envs\nlp\lib\site-packages\cryptography\hazmat\bindings;C:\Users\User\anaconda3\envs\nlp\lib\site-packages\lxml;C:\Program Files\Java\jdk-14.0.2\bin\server;C:\Program Files\Java\jdk-14.0.2\bin;C:\Users\User\anaconda3\envs\nlp\lib\site-packages\google\protobuf\internal;C:\Users\User\anaconda3\envs\nlp\lib\site-packages\google\protobuf\pyext;C:\Users\User\anaconda3\envs\nlp\lib\site-packages\tensorflow\python

VM Arguments:
jvm_args: -Dfile.encoding=UTF8 -ea -Xmx1024m 
java_command: <unknown>
java_class_path (initial): C:\Users\User\anaconda3\envs\nlp\lib\site-packages\konlpy\java;C:\Users\User\anaconda3\envs\nlp\lib\site-packages\konlpy\java\bin;C:\Users\User\anaconda3\envs\nlp\lib\site-packages\konlpy\java\*;C:\Users\User\anaconda3\envs\nlp\lib\site-packages\konlpy\java\jhannanum-0.8.4.jar;C:\Users\User\anaconda3\envs\nlp\lib\site-packages\konlpy\java\kkma-2.0.jar;C:\Users\User\anaconda3\envs\nlp\lib\site-packages\konlpy\java\aho-corasick.jar;C:\Users\User\anaconda3\envs\nlp\lib\site-packages\konlpy\java\shineware-common-1.0.jar;C:\Users\User\anaconda3\envs\nlp\lib\site-packages\konlpy\java\shineware-ds-1.0.jar;C:\Users\User\anaconda3\envs\nlp\lib\site-packages\konlpy\java\komoran-3.0.jar;C:\Users\User\anaconda3\envs\nlp\lib\site-packages\konlpy\java\snakeyaml-1.12.jar;C:\Users\User\anaconda3\envs\nlp\lib\site-packages\konlpy\java\scala-library-2.12.3.jar;C:\Users\User\anaconda3\envs\nlp\lib\site-packages\konlpy\java\open-korean-text-2.1.0.jar;C:\Users\User\anaconda3\envs\nlp\lib\site-packages\konlpy\java\twitter-text-1.14.7.jar;C:\Users\User\anaconda3\envs\nlp\lib\site-packages\konlpy\java\*
Launcher Type: generic

[Global flags]
     intx CICompilerCount                          = 3                                         {product} {ergonomic}
     uint ConcGCThreads                            = 1                                         {product} {ergonomic}
     uint G1ConcRefinementThreads                  = 4                                         {product} {ergonomic}
   size_t G1HeapRegionSize                         = 1048576                                   {product} {ergonomic}
    uintx GCDrainStackTargetSize                   = 64                                        {product} {ergonomic}
   size_t InitialHeapSize                          = 134217728                                 {product} {ergonomic}
   size_t MarkStackSize                            = 4194304                                   {product} {ergonomic}
   size_t MaxHeapSize                              = 1073741824                                {product} {command line}
   size_t MaxNewSize                               = 643825664                                 {product} {ergonomic}
   size_t MinHeapDeltaBytes                        = 1048576                                   {product} {ergonomic}
   size_t MinHeapSize                              = 8388608                                   {product} {ergonomic}
    uintx NonNMethodCodeHeapSize                   = 5832780                                {pd product} {ergonomic}
    uintx NonProfiledCodeHeapSize                  = 122912730                              {pd product} {ergonomic}
    uintx ProfiledCodeHeapSize                     = 122912730                              {pd product} {ergonomic}
    uintx ReservedCodeCacheSize                    = 251658240                              {pd product} {ergonomic}
     bool SegmentedCodeCache                       = true                                      {product} {ergonomic}
   size_t SoftMaxHeapSize                          = 1073741824                             {manageable} {ergonomic}
     bool UseCompressedClassPointers               = true                                 {lp64_product} {ergonomic}
     bool UseCompressedOops                        = true                                 {lp64_product} {ergonomic}
     bool UseG1GC                                  = true                                      {product} {ergonomic}
     bool UseLargePagesIndividualAllocation        = false                                  {pd product} {ergonomic}

Logging:
Log output configuration:
 #0: stdout all=warning uptime,level,tags
 #1: stderr all=off uptime,level,tags

Environment Variables:
PATH=C:\Users\User\anaconda3\envs\nlp;C:\Users\User\anaconda3\envs\nlp\Library\mingw-w64\bin;C:\Users\User\anaconda3\envs\nlp\Library\usr\bin;C:\Users\User\anaconda3\envs\nlp\Library\bin;C:\Users\User\anaconda3\envs\nlp\Scripts;C:\Users\User\anaconda3\envs\nlp\bin;C:\Users\User\anaconda3\condabin;C:\Program Files\Java;C:\Program Files\MySQL\MySQL Shell 8.0\bin;C:\Users\User\AppData\Local\Programs\Python\Python37-32\Scripts;C:\Users\User\AppData\Local\Programs\Python\Python37-32;C:\Users\User\AppData\Local\Microsoft\WindowsApps;.;C:\Users\User\AppData\Local\Programs\Microsoft VS Code\bin
USERNAME=User
OS=Windows_NT
PROCESSOR_IDENTIFIER=Intel64 Family 6 Model 78 Stepping 3, GenuineIntel



---------------  S Y S T E M  ---------------

OS: Windows 10 , 64 bit Build 19041 (10.0.19041.292)
OS uptime: 0 days 23:14 hours

CPU:total 4 (initial active 4) (2 cores per cpu, 2 threads per core) family 6 model 78 stepping 3, cmov, cx8, fxsr, mmx, sse, sse2, sse3, ssse3, sse4.1, sse4.2, popcnt, avx, avx2, aes, clmul, erms, 3dnowpref, lzcnt, ht, tsc, tscinvbit, bmi1, bmi2, adx, fma

Memory: 4k page, system-wide physical 8108M (4262M free)
TotalPageFile size 32684M (AvailPageFile size 133M)
current process WorkingSet (physical memory assigned to process): 626M, peak: 626M
current process commit charge ("private bytes"): 844M, peak: 845M

vm_info: Java HotSpot(TM) 64-Bit Server VM (14.0.2+12-46) for windows-amd64 JRE (14.0.2+12-46), built on Jul  9 2020 00:35:52 by "mach5one" with MS VC++ 15.9 (VS2017)

END.
